{"/home/travis/build/npmtest/node-npmtest-grunt-ts/test.js":{"path":"/home/travis/build/npmtest/node-npmtest-grunt-ts/test.js","s":{"1":2,"2":2,"3":2,"4":2,"5":2,"6":2,"7":2,"8":1,"9":2,"10":2,"11":1,"12":1,"13":1,"14":1,"15":2,"16":2,"17":2,"18":2,"19":1,"20":1,"21":2,"22":2,"23":2,"24":1,"25":1,"26":1,"27":1,"28":1,"29":1,"30":1,"31":1,"32":1,"33":1,"34":1,"35":1,"36":1,"37":1,"38":1,"39":2,"40":2,"41":1,"42":2,"43":2,"44":1,"45":2,"46":2,"47":1,"48":2,"49":2,"50":1,"51":1,"52":1,"53":1,"54":1},"b":{"1":[2,1,1,1],"2":[1,1,1,1],"3":[1,1],"4":[1,1],"5":[1,1],"6":[1,1],"7":[1,1],"8":[1,1],"9":[1,1],"10":[1,1,1],"11":[1,1],"12":[1,1],"13":[1,1],"14":[1,1],"15":[1,1],"16":[1,1],"17":[1,1]},"f":{"1":2,"2":2,"3":2,"4":2,"5":2,"6":1,"7":1,"8":1,"9":2,"10":2,"11":2,"12":2,"13":1},"fnMap":{"1":{"name":"(anonymous_1)","line":12,"loc":{"start":{"line":12,"column":1},"end":{"line":12,"column":13}}},"2":{"name":"(anonymous_2)","line":19,"loc":{"start":{"line":19,"column":5},"end":{"line":19,"column":17}}},"3":{"name":"(anonymous_3)","line":23,"loc":{"start":{"line":23,"column":24},"end":{"line":23,"column":36}}},"4":{"name":"(anonymous_4)","line":61,"loc":{"start":{"line":61,"column":5},"end":{"line":61,"column":17}}},"5":{"name":"(anonymous_5)","line":82,"loc":{"start":{"line":82,"column":5},"end":{"line":82,"column":17}}},"6":{"name":"(anonymous_6)","line":91,"loc":{"start":{"line":91,"column":77},"end":{"line":94,"column":10}}},"7":{"name":"(anonymous_7)","line":112,"loc":{"start":{"line":112,"column":83},"end":{"line":115,"column":10}},"skip":true},"8":{"name":"(anonymous_8)","line":123,"loc":{"start":{"line":123,"column":77},"end":{"line":126,"column":10}},"skip":true},"9":{"name":"(anonymous_9)","line":139,"loc":{"start":{"line":139,"column":12},"end":{"line":139,"column":40}},"skip":true},"10":{"name":"(anonymous_10)","line":147,"loc":{"start":{"line":147,"column":77},"end":{"line":150,"column":10}},"skip":true},"11":{"name":"(anonymous_11)","line":158,"loc":{"start":{"line":158,"column":83},"end":{"line":161,"column":10}},"skip":true},"12":{"name":"(anonymous_12)","line":169,"loc":{"start":{"line":169,"column":79},"end":{"line":172,"column":10}},"skip":true},"13":{"name":"(anonymous_13)","line":180,"loc":{"start":{"line":180,"column":75},"end":{"line":183,"column":10}},"skip":true}},"statementMap":{"1":{"start":{"line":12,"column":0},"end":{"line":195,"column":5}},"2":{"start":{"line":14,"column":4},"end":{"line":14,"column":14}},"3":{"start":{"line":19,"column":4},"end":{"line":56,"column":9}},"4":{"start":{"line":21,"column":8},"end":{"line":21,"column":19}},"5":{"start":{"line":23,"column":8},"end":{"line":35,"column":13}},"6":{"start":{"line":24,"column":12},"end":{"line":34,"column":13}},"7":{"start":{"line":25,"column":16},"end":{"line":28,"column":30}},"8":{"start":{"line":30,"column":16},"end":{"line":33,"column":27}},"9":{"start":{"line":37,"column":8},"end":{"line":39,"column":21}},"10":{"start":{"line":40,"column":8},"end":{"line":53,"column":9}},"11":{"start":{"line":43,"column":12},"end":{"line":46,"column":14}},"12":{"start":{"line":47,"column":12},"end":{"line":47,"column":18}},"13":{"start":{"line":50,"column":12},"end":{"line":51,"column":46}},"14":{"start":{"line":52,"column":12},"end":{"line":52,"column":18}},"15":{"start":{"line":55,"column":8},"end":{"line":55,"column":35}},"16":{"start":{"line":61,"column":4},"end":{"line":63,"column":9}},"17":{"start":{"line":62,"column":8},"end":{"line":62,"column":15}},"18":{"start":{"line":64,"column":4},"end":{"line":77,"column":5}},"19":{"start":{"line":70,"column":8},"end":{"line":70,"column":14}},"20":{"start":{"line":76,"column":8},"end":{"line":76,"column":14}},"21":{"start":{"line":82,"column":4},"end":{"line":84,"column":9}},"22":{"start":{"line":83,"column":8},"end":{"line":83,"column":15}},"23":{"start":{"line":85,"column":4},"end":{"line":194,"column":5}},"24":{"start":{"line":91,"column":8},"end":{"line":99,"column":10}},"25":{"start":{"line":98,"column":12},"end":{"line":98,"column":35}},"26":{"start":{"line":102,"column":8},"end":{"line":104,"column":63}},"27":{"start":{"line":105,"column":8},"end":{"line":105,"column":14}},"28":{"start":{"line":112,"column":8},"end":{"line":121,"column":10},"skip":true},"29":{"start":{"line":119,"column":12},"end":{"line":119,"column":55},"skip":true},"30":{"start":{"line":120,"column":12},"end":{"line":120,"column":48},"skip":true},"31":{"start":{"line":123,"column":8},"end":{"line":136,"column":10},"skip":true},"32":{"start":{"line":130,"column":12},"end":{"line":130,"column":76},"skip":true},"33":{"start":{"line":131,"column":12},"end":{"line":131,"column":73},"skip":true},"34":{"start":{"line":132,"column":12},"end":{"line":132,"column":74},"skip":true},"35":{"start":{"line":133,"column":12},"end":{"line":133,"column":79},"skip":true},"36":{"start":{"line":134,"column":12},"end":{"line":134,"column":25},"skip":true},"37":{"start":{"line":135,"column":12},"end":{"line":135,"column":45},"skip":true},"38":{"start":{"line":138,"column":8},"end":{"line":145,"column":14},"skip":true},"39":{"start":{"line":143,"column":16},"end":{"line":143,"column":29},"skip":true},"40":{"start":{"line":144,"column":16},"end":{"line":144,"column":55},"skip":true},"41":{"start":{"line":147,"column":8},"end":{"line":156,"column":10},"skip":true},"42":{"start":{"line":154,"column":12},"end":{"line":154,"column":25},"skip":true},"43":{"start":{"line":155,"column":12},"end":{"line":155,"column":45},"skip":true},"44":{"start":{"line":158,"column":8},"end":{"line":167,"column":10},"skip":true},"45":{"start":{"line":165,"column":12},"end":{"line":165,"column":25},"skip":true},"46":{"start":{"line":166,"column":12},"end":{"line":166,"column":48},"skip":true},"47":{"start":{"line":169,"column":8},"end":{"line":178,"column":10},"skip":true},"48":{"start":{"line":176,"column":12},"end":{"line":176,"column":25},"skip":true},"49":{"start":{"line":177,"column":12},"end":{"line":177,"column":46},"skip":true},"50":{"start":{"line":180,"column":8},"end":{"line":189,"column":10},"skip":true},"51":{"start":{"line":187,"column":12},"end":{"line":187,"column":94},"skip":true},"52":{"start":{"line":188,"column":12},"end":{"line":188,"column":48},"skip":true},"53":{"start":{"line":192,"column":8},"end":{"line":192,"column":35},"skip":true},"54":{"start":{"line":193,"column":8},"end":{"line":193,"column":14},"skip":true}},"branchMap":{"1":{"line":25,"type":"binary-expr","locations":[{"start":{"line":25,"column":23},"end":{"line":25,"column":62}},{"start":{"line":26,"column":20},"end":{"line":26,"column":70}},{"start":{"line":27,"column":20},"end":{"line":27,"column":71}},{"start":{"line":28,"column":20},"end":{"line":28,"column":29}}]},"2":{"line":30,"type":"binary-expr","locations":[{"start":{"line":30,"column":23},"end":{"line":30,"column":37}},{"start":{"line":31,"column":20},"end":{"line":31,"column":61}},{"start":{"line":32,"column":20},"end":{"line":32,"column":70}},{"start":{"line":33,"column":20},"end":{"line":33,"column":26}}]},"3":{"line":37,"type":"cond-expr","locations":[{"start":{"line":38,"column":14},"end":{"line":38,"column":20}},{"start":{"line":39,"column":14},"end":{"line":39,"column":20}}]},"4":{"line":40,"type":"switch","locations":[{"start":{"line":42,"column":8},"end":{"line":47,"column":18}},{"start":{"line":49,"column":8},"end":{"line":52,"column":18}}]},"5":{"line":44,"type":"binary-expr","locations":[{"start":{"line":44,"column":16},"end":{"line":44,"column":44}},{"start":{"line":44,"column":48},"end":{"line":44,"column":66}}]},"6":{"line":50,"type":"binary-expr","locations":[{"start":{"line":50,"column":21},"end":{"line":50,"column":49}},{"start":{"line":50,"column":53},"end":{"line":50,"column":72}}]},"7":{"line":64,"type":"switch","locations":[{"start":{"line":69,"column":4},"end":{"line":70,"column":14}},{"start":{"line":75,"column":4},"end":{"line":76,"column":14}}]},"8":{"line":85,"type":"switch","locations":[{"start":{"line":90,"column":4},"end":{"line":105,"column":14}},{"start":{"line":111,"column":4},"end":{"line":193,"column":14},"skip":true}]},"9":{"line":91,"type":"binary-expr","locations":[{"start":{"line":91,"column":42},"end":{"line":91,"column":73}},{"start":{"line":91,"column":77},"end":{"line":99,"column":9}}]},"10":{"line":102,"type":"binary-expr","locations":[{"start":{"line":102,"column":18},"end":{"line":102,"column":32}},{"start":{"line":103,"column":12},"end":{"line":103,"column":53}},{"start":{"line":104,"column":12},"end":{"line":104,"column":61}}]},"11":{"line":112,"type":"binary-expr","locations":[{"start":{"line":112,"column":45},"end":{"line":112,"column":79},"skip":true},{"start":{"line":112,"column":83},"end":{"line":121,"column":9},"skip":true}]},"12":{"line":123,"type":"binary-expr","locations":[{"start":{"line":123,"column":42},"end":{"line":123,"column":73},"skip":true},{"start":{"line":123,"column":77},"end":{"line":136,"column":9},"skip":true}]},"13":{"line":138,"type":"binary-expr","locations":[{"start":{"line":138,"column":48},"end":{"line":138,"column":85},"skip":true},{"start":{"line":139,"column":12},"end":{"line":145,"column":13},"skip":true}]},"14":{"line":147,"type":"binary-expr","locations":[{"start":{"line":147,"column":42},"end":{"line":147,"column":73},"skip":true},{"start":{"line":147,"column":77},"end":{"line":156,"column":9},"skip":true}]},"15":{"line":158,"type":"binary-expr","locations":[{"start":{"line":158,"column":45},"end":{"line":158,"column":79},"skip":true},{"start":{"line":158,"column":83},"end":{"line":167,"column":9},"skip":true}]},"16":{"line":169,"type":"binary-expr","locations":[{"start":{"line":169,"column":43},"end":{"line":169,"column":75},"skip":true},{"start":{"line":169,"column":79},"end":{"line":178,"column":9},"skip":true}]},"17":{"line":180,"type":"binary-expr","locations":[{"start":{"line":180,"column":41},"end":{"line":180,"column":71},"skip":true},{"start":{"line":180,"column":75},"end":{"line":189,"column":9},"skip":true}]}},"code":["/* istanbul instrument in package npmtest_grunt_ts */","/*jslint","    bitwise: true,","    browser: true,","    maxerr: 8,","    maxlen: 96,","    node: true,","    nomen: true,","    regexp: true,","    stupid: true","*/","(function () {","    'use strict';","    var local;","","","","    // run shared js-env code - pre-init","    (function () {","        // init local","        local = {};","        // init modeJs","        local.modeJs = (function () {","            try {","                return typeof navigator.userAgent === 'string' &&","                    typeof document.querySelector('body') === 'object' &&","                    typeof XMLHttpRequest.prototype.open === 'function' &&","                    'browser';","            } catch (errorCaughtBrowser) {","                return module.exports &&","                    typeof process.versions.node === 'string' &&","                    typeof require('http').createServer === 'function' &&","                    'node';","            }","        }());","        // init global","        local.global = local.modeJs === 'browser'","            ? window","            : global;","        switch (local.modeJs) {","        // re-init local from window.local","        case 'browser':","            local = local.global.utility2.objectSetDefault(","                local.global.utility2_rollup || local.global.local,","                local.global.utility2","            );","            break;","        // re-init local from example.js","        case 'node':","            local = (local.global.utility2_rollup || require('utility2'))","                .requireExampleJsFromReadme();","            break;","        }","        // export local","        local.global.local = local;","    }());","","","","    // run shared js-env code - function","    (function () {","        return;","    }());","    switch (local.modeJs) {","","","","    // run browser js-env code - function","    case 'browser':","        break;","","","","    // run node js-env code - function","    case 'node':","        break;","    }","","","","    // run shared js-env code - post-init","    (function () {","        return;","    }());","    switch (local.modeJs) {","","","","    // run browser js-env code - post-init","    case 'browser':","        local.testCase_browser_nullCase = local.testCase_browser_nullCase || function (","            options,","            onError","        ) {","        /*","         * this function will test browsers's null-case handling-behavior-behavior","         */","            onError(null, options);","        };","","        // run tests","        local.nop(local.modeTest &&","            document.querySelector('#testRunButton1') &&","            document.querySelector('#testRunButton1').click());","        break;","","","","    // run node js-env code - post-init","    /* istanbul ignore next */","    case 'node':","        local.testCase_buildApidoc_default = local.testCase_buildApidoc_default || function (","            options,","            onError","        ) {","        /*","         * this function will test buildApidoc's default handling-behavior-behavior","         */","            options = { modulePathList: module.paths };","            local.buildApidoc(options, onError);","        };","","        local.testCase_buildApp_default = local.testCase_buildApp_default || function (","            options,","            onError","        ) {","        /*","         * this function will test buildApp's default handling-behavior-behavior","         */","            local.testCase_buildReadme_default(options, local.onErrorThrow);","            local.testCase_buildLib_default(options, local.onErrorThrow);","            local.testCase_buildTest_default(options, local.onErrorThrow);","            local.testCase_buildCustomOrg_default(options, local.onErrorThrow);","            options = [];","            local.buildApp(options, onError);","        };","","        local.testCase_buildCustomOrg_default = local.testCase_buildCustomOrg_default ||","            function (options, onError) {","            /*","             * this function will test buildCustomOrg's default handling-behavior","             */","                options = {};","                local.buildCustomOrg(options, onError);","            };","","        local.testCase_buildLib_default = local.testCase_buildLib_default || function (","            options,","            onError","        ) {","        /*","         * this function will test buildLib's default handling-behavior","         */","            options = {};","            local.buildLib(options, onError);","        };","","        local.testCase_buildReadme_default = local.testCase_buildReadme_default || function (","            options,","            onError","        ) {","        /*","         * this function will test buildReadme's default handling-behavior-behavior","         */","            options = {};","            local.buildReadme(options, onError);","        };","","        local.testCase_buildTest_default = local.testCase_buildTest_default || function (","            options,","            onError","        ) {","        /*","         * this function will test buildTest's default handling-behavior","         */","            options = {};","            local.buildTest(options, onError);","        };","","        local.testCase_webpage_default = local.testCase_webpage_default || function (","            options,","            onError","        ) {","        /*","         * this function will test webpage's default handling-behavior","         */","            options = { modeCoverageMerge: true, url: local.serverLocalHost + '?modeTest=1' };","            local.browserTest(options, onError);","        };","","        // run test-server","        local.testRunServer(local);","        break;","    }","}());",""],"l":{"12":2,"14":2,"19":2,"21":2,"23":2,"24":2,"25":2,"30":1,"37":2,"40":2,"43":1,"47":1,"50":1,"52":1,"55":2,"61":2,"62":2,"64":2,"70":1,"76":1,"82":2,"83":2,"85":2,"91":1,"98":1,"102":1,"105":1,"112":1,"119":1,"120":1,"123":1,"130":1,"131":1,"132":1,"133":1,"134":1,"135":1,"138":1,"143":2,"144":2,"147":1,"154":2,"155":2,"158":1,"165":2,"166":2,"169":1,"176":2,"177":2,"180":1,"187":1,"188":1,"192":1,"193":1}},"/home/travis/build/npmtest/node-npmtest-grunt-ts/lib.npmtest_grunt_ts.js":{"path":"/home/travis/build/npmtest/node-npmtest-grunt-ts/lib.npmtest_grunt_ts.js","s":{"1":2,"2":2,"3":2,"4":2,"5":2,"6":2,"7":2,"8":1,"9":2,"10":2,"11":2,"12":2,"13":1,"14":1,"15":1,"16":1},"b":{"1":[2,1,1,1],"2":[1,1,1,1],"3":[1,1],"4":[2,2],"5":[1,1]},"f":{"1":2,"2":2,"3":2},"fnMap":{"1":{"name":"(anonymous_1)","line":12,"loc":{"start":{"line":12,"column":1},"end":{"line":12,"column":13}}},"2":{"name":"(anonymous_2)","line":19,"loc":{"start":{"line":19,"column":5},"end":{"line":19,"column":17}}},"3":{"name":"(anonymous_3)","line":23,"loc":{"start":{"line":23,"column":24},"end":{"line":23,"column":36}}}},"statementMap":{"1":{"start":{"line":12,"column":0},"end":{"line":53,"column":5}},"2":{"start":{"line":14,"column":4},"end":{"line":14,"column":14}},"3":{"start":{"line":19,"column":4},"end":{"line":52,"column":9}},"4":{"start":{"line":21,"column":8},"end":{"line":21,"column":19}},"5":{"start":{"line":23,"column":8},"end":{"line":35,"column":13}},"6":{"start":{"line":24,"column":12},"end":{"line":34,"column":13}},"7":{"start":{"line":25,"column":16},"end":{"line":28,"column":30}},"8":{"start":{"line":30,"column":16},"end":{"line":33,"column":27}},"9":{"start":{"line":37,"column":8},"end":{"line":39,"column":21}},"10":{"start":{"line":41,"column":8},"end":{"line":41,"column":54}},"11":{"start":{"line":43,"column":8},"end":{"line":43,"column":53}},"12":{"start":{"line":45,"column":8},"end":{"line":51,"column":9}},"13":{"start":{"line":46,"column":12},"end":{"line":46,"column":59}},"14":{"start":{"line":48,"column":12},"end":{"line":48,"column":35}},"15":{"start":{"line":49,"column":12},"end":{"line":49,"column":49}},"16":{"start":{"line":50,"column":12},"end":{"line":50,"column":43}}},"branchMap":{"1":{"line":25,"type":"binary-expr","locations":[{"start":{"line":25,"column":23},"end":{"line":25,"column":62}},{"start":{"line":26,"column":20},"end":{"line":26,"column":70}},{"start":{"line":27,"column":20},"end":{"line":27,"column":71}},{"start":{"line":28,"column":20},"end":{"line":28,"column":29}}]},"2":{"line":30,"type":"binary-expr","locations":[{"start":{"line":30,"column":23},"end":{"line":30,"column":37}},{"start":{"line":31,"column":20},"end":{"line":31,"column":61}},{"start":{"line":32,"column":20},"end":{"line":32,"column":70}},{"start":{"line":33,"column":20},"end":{"line":33,"column":26}}]},"3":{"line":37,"type":"cond-expr","locations":[{"start":{"line":38,"column":14},"end":{"line":38,"column":20}},{"start":{"line":39,"column":14},"end":{"line":39,"column":20}}]},"4":{"line":41,"type":"binary-expr","locations":[{"start":{"line":41,"column":16},"end":{"line":41,"column":44}},{"start":{"line":41,"column":48},"end":{"line":41,"column":53}}]},"5":{"line":45,"type":"if","locations":[{"start":{"line":45,"column":8},"end":{"line":45,"column":8}},{"start":{"line":45,"column":8},"end":{"line":45,"column":8}}]}},"code":["/* istanbul instrument in package npmtest_grunt_ts */","/*jslint","    bitwise: true,","    browser: true,","    maxerr: 8,","    maxlen: 96,","    node: true,","    nomen: true,","    regexp: true,","    stupid: true","*/","(function () {","    'use strict';","    var local;","","","","    // run shared js-env code - pre-init","    (function () {","        // init local","        local = {};","        // init modeJs","        local.modeJs = (function () {","            try {","                return typeof navigator.userAgent === 'string' &&","                    typeof document.querySelector('body') === 'object' &&","                    typeof XMLHttpRequest.prototype.open === 'function' &&","                    'browser';","            } catch (errorCaughtBrowser) {","                return module.exports &&","                    typeof process.versions.node === 'string' &&","                    typeof require('http').createServer === 'function' &&","                    'node';","            }","        }());","        // init global","        local.global = local.modeJs === 'browser'","            ? window","            : global;","        // init utility2_rollup","        local = local.global.utility2_rollup || local;","        // init lib","        local.local = local.npmtest_grunt_ts = local;","        // init exports","        if (local.modeJs === 'browser') {","            local.global.utility2_npmtest_grunt_ts = local;","        } else {","            module.exports = local;","            module.exports.__dirname = __dirname;","            module.exports.module = module;","        }","    }());","}());",""],"l":{"12":2,"14":2,"19":2,"21":2,"23":2,"24":2,"25":2,"30":1,"37":2,"41":2,"43":2,"45":2,"46":1,"48":1,"49":1,"50":1}},"/home/travis/build/npmtest/node-npmtest-grunt-ts/example.js":{"path":"/home/travis/build/npmtest/node-npmtest-grunt-ts/example.js","s":{"1":2,"2":2,"3":2,"4":2,"5":2,"6":2,"7":2,"8":1,"9":2,"10":2,"11":2,"12":2,"13":1,"14":2,"15":2,"16":2,"17":2,"18":2,"19":0,"20":2,"21":1,"22":1,"23":1,"24":1,"25":1,"26":0,"27":0,"28":1,"29":1,"30":2,"31":0,"32":0,"33":0,"34":1,"35":2,"36":2,"37":3,"38":3,"39":3,"40":3,"41":0,"42":3,"43":3,"44":3,"45":1,"46":3,"47":1,"48":1,"49":1,"50":1,"51":1,"52":1,"53":1,"54":1,"55":1,"56":1,"57":0,"58":1,"59":6,"60":6,"61":1,"62":2,"63":0,"64":2,"65":1,"66":1,"67":0,"68":0,"69":0,"70":0,"71":0,"72":0,"73":0,"74":0,"75":0,"76":0,"77":0,"78":0,"79":0,"80":0,"81":0,"82":0,"83":0},"b":{"1":[2,1,1,1],"2":[1,1,1,1],"3":[1,1],"4":[2,2],"5":[1,1],"6":[1,1],"7":[2,0],"8":[2,1,1,1,1,1],"9":[0,2,0],"10":[1,1],"11":[2,1,1],"12":[1,0],"13":[0,2],"14":[2,0,0,0,0,0,0],"15":[0,3],"16":[3,0],"17":[1,1],"18":[0,1],"19":[1,2,0,2],"20":[1,0],"21":[1,1],"22":[0,0],"23":[0,0],"24":[0,0],"25":[0,0],"26":[0,0],"27":[0,0],"28":[0,0]},"f":{"1":2,"2":2,"3":2,"4":2,"5":2,"6":2,"7":3,"8":3,"9":3,"10":1,"11":6,"12":0},"fnMap":{"1":{"name":"(anonymous_1)","line":26,"loc":{"start":{"line":26,"column":1},"end":{"line":26,"column":13}}},"2":{"name":"(anonymous_2)","line":33,"loc":{"start":{"line":33,"column":5},"end":{"line":33,"column":17}}},"3":{"name":"(anonymous_3)","line":37,"loc":{"start":{"line":37,"column":24},"end":{"line":37,"column":36}}},"4":{"name":"(anonymous_4)","line":69,"loc":{"start":{"line":69,"column":31},"end":{"line":69,"column":48}},"skip":true},"5":{"name":"(anonymous_5)","line":78,"loc":{"start":{"line":78,"column":26},"end":{"line":78,"column":45}},"skip":true},"6":{"name":"(anonymous_6)","line":123,"loc":{"start":{"line":123,"column":33},"end":{"line":123,"column":48}},"skip":true},"7":{"name":"(anonymous_7)","line":125,"loc":{"start":{"line":125,"column":27},"end":{"line":125,"column":39}},"skip":true},"8":{"name":"(anonymous_8)","line":133,"loc":{"start":{"line":133,"column":59},"end":{"line":133,"column":74}},"skip":true},"9":{"name":"(anonymous_9)","line":143,"loc":{"start":{"line":143,"column":45},"end":{"line":143,"column":62}},"skip":true},"10":{"name":"(anonymous_10)","line":144,"loc":{"start":{"line":144,"column":73},"end":{"line":144,"column":92}},"skip":true},"11":{"name":"(anonymous_11)","line":272,"loc":{"start":{"line":272,"column":51},"end":{"line":272,"column":77}},"skip":true},"12":{"name":"(anonymous_12)","line":315,"loc":{"start":{"line":315,"column":32},"end":{"line":315,"column":61}},"skip":true}},"statementMap":{"1":{"start":{"line":26,"column":0},"end":{"line":326,"column":5}},"2":{"start":{"line":28,"column":4},"end":{"line":28,"column":14}},"3":{"start":{"line":33,"column":4},"end":{"line":60,"column":9}},"4":{"start":{"line":35,"column":8},"end":{"line":35,"column":19}},"5":{"start":{"line":37,"column":8},"end":{"line":49,"column":13}},"6":{"start":{"line":38,"column":12},"end":{"line":48,"column":13}},"7":{"start":{"line":39,"column":16},"end":{"line":42,"column":30}},"8":{"start":{"line":44,"column":16},"end":{"line":47,"column":27}},"9":{"start":{"line":51,"column":8},"end":{"line":53,"column":21}},"10":{"start":{"line":55,"column":8},"end":{"line":57,"column":45}},"11":{"start":{"line":59,"column":8},"end":{"line":59,"column":35}},"12":{"start":{"line":61,"column":4},"end":{"line":325,"column":5}},"13":{"start":{"line":69,"column":8},"end":{"line":121,"column":10},"skip":true},"14":{"start":{"line":70,"column":12},"end":{"line":88,"column":13},"skip":true},"15":{"start":{"line":76,"column":16},"end":{"line":87,"column":19},"skip":true},"16":{"start":{"line":79,"column":20},"end":{"line":86,"column":21},"skip":true},"17":{"start":{"line":82,"column":24},"end":{"line":82,"column":43},"skip":true},"18":{"start":{"line":83,"column":24},"end":{"line":83,"column":30},"skip":true},"19":{"start":{"line":85,"column":24},"end":{"line":85,"column":49},"skip":true},"20":{"start":{"line":89,"column":12},"end":{"line":107,"column":13},"skip":true},"21":{"start":{"line":92,"column":16},"end":{"line":102,"column":17},"skip":true},"22":{"start":{"line":93,"column":20},"end":{"line":93,"column":86},"skip":true},"23":{"start":{"line":94,"column":20},"end":{"line":95,"column":45},"skip":true},"24":{"start":{"line":96,"column":20},"end":{"line":96,"column":42},"skip":true},"25":{"start":{"line":97,"column":20},"end":{"line":97,"column":48},"skip":true},"26":{"start":{"line":100,"column":20},"end":{"line":100,"column":85},"skip":true},"27":{"start":{"line":101,"column":20},"end":{"line":101,"column":96},"skip":true},"28":{"start":{"line":103,"column":16},"end":{"line":103,"column":22},"skip":true},"29":{"start":{"line":106,"column":16},"end":{"line":106,"column":22},"skip":true},"30":{"start":{"line":108,"column":12},"end":{"line":120,"column":13},"skip":true},"31":{"start":{"line":114,"column":16},"end":{"line":119,"column":17},"skip":true},"32":{"start":{"line":116,"column":20},"end":{"line":116,"column":78},"skip":true},"33":{"start":{"line":118,"column":20},"end":{"line":118,"column":47},"skip":true},"34":{"start":{"line":123,"column":8},"end":{"line":141,"column":11},"skip":true},"35":{"start":{"line":124,"column":12},"end":{"line":124,"column":54},"skip":true},"36":{"start":{"line":125,"column":12},"end":{"line":140,"column":14},"skip":true},"37":{"start":{"line":126,"column":16},"end":{"line":126,"column":28},"skip":true},"38":{"start":{"line":127,"column":16},"end":{"line":127,"column":69},"skip":true},"39":{"start":{"line":128,"column":16},"end":{"line":128,"column":75},"skip":true},"40":{"start":{"line":129,"column":16},"end":{"line":131,"column":17},"skip":true},"41":{"start":{"line":130,"column":20},"end":{"line":130,"column":27},"skip":true},"42":{"start":{"line":133,"column":16},"end":{"line":137,"column":36},"skip":true},"43":{"start":{"line":134,"column":20},"end":{"line":136,"column":55},"skip":true},"44":{"start":{"line":139,"column":16},"end":{"line":139,"column":57},"skip":true},"45":{"start":{"line":143,"column":8},"end":{"line":147,"column":11},"skip":true},"46":{"start":{"line":144,"column":12},"end":{"line":146,"column":15},"skip":true},"47":{"start":{"line":145,"column":16},"end":{"line":145,"column":70},"skip":true},"48":{"start":{"line":149,"column":8},"end":{"line":149,"column":31},"skip":true},"49":{"start":{"line":150,"column":8},"end":{"line":150,"column":14},"skip":true},"50":{"start":{"line":158,"column":8},"end":{"line":158,"column":31},"skip":true},"51":{"start":{"line":160,"column":8},"end":{"line":160,"column":33},"skip":true},"52":{"start":{"line":161,"column":8},"end":{"line":161,"column":37},"skip":true},"53":{"start":{"line":162,"column":8},"end":{"line":162,"column":35},"skip":true},"54":{"start":{"line":164,"column":8},"end":{"line":164,"column":50},"skip":true},"55":{"start":{"line":166,"column":8},"end":{"line":256,"column":2},"skip":true},"56":{"start":{"line":258,"column":8},"end":{"line":286,"column":9},"skip":true},"57":{"start":{"line":259,"column":12},"end":{"line":269,"column":14},"skip":true},"58":{"start":{"line":271,"column":12},"end":{"line":285,"column":19},"skip":true},"59":{"start":{"line":274,"column":20},"end":{"line":274,"column":35},"skip":true},"60":{"start":{"line":275,"column":20},"end":{"line":284,"column":21},"skip":true},"61":{"start":{"line":277,"column":24},"end":{"line":277,"column":64},"skip":true},"62":{"start":{"line":279,"column":24},"end":{"line":279,"column":40},"skip":true},"63":{"start":{"line":281,"column":24},"end":{"line":281,"column":40},"skip":true},"64":{"start":{"line":283,"column":24},"end":{"line":283,"column":39},"skip":true},"65":{"start":{"line":288,"column":8},"end":{"line":290,"column":9},"skip":true},"66":{"start":{"line":289,"column":12},"end":{"line":289,"column":18},"skip":true},"67":{"start":{"line":291,"column":8},"end":{"line":293,"column":54},"skip":true},"68":{"start":{"line":296,"column":8},"end":{"line":301,"column":37},"skip":true},"69":{"start":{"line":303,"column":8},"end":{"line":303,"column":82},"skip":true},"70":{"start":{"line":306,"column":8},"end":{"line":308,"column":9},"skip":true},"71":{"start":{"line":307,"column":12},"end":{"line":307,"column":82},"skip":true},"72":{"start":{"line":310,"column":8},"end":{"line":312,"column":9},"skip":true},"73":{"start":{"line":311,"column":12},"end":{"line":311,"column":18},"skip":true},"74":{"start":{"line":313,"column":8},"end":{"line":313,"column":54},"skip":true},"75":{"start":{"line":314,"column":8},"end":{"line":314,"column":69},"skip":true},"76":{"start":{"line":315,"column":8},"end":{"line":323,"column":36},"skip":true},"77":{"start":{"line":316,"column":12},"end":{"line":316,"column":61},"skip":true},"78":{"start":{"line":317,"column":12},"end":{"line":320,"column":13},"skip":true},"79":{"start":{"line":318,"column":16},"end":{"line":318,"column":75},"skip":true},"80":{"start":{"line":319,"column":16},"end":{"line":319,"column":23},"skip":true},"81":{"start":{"line":321,"column":12},"end":{"line":321,"column":38},"skip":true},"82":{"start":{"line":322,"column":12},"end":{"line":322,"column":27},"skip":true},"83":{"start":{"line":324,"column":8},"end":{"line":324,"column":14},"skip":true}},"branchMap":{"1":{"line":39,"type":"binary-expr","locations":[{"start":{"line":39,"column":23},"end":{"line":39,"column":62}},{"start":{"line":40,"column":20},"end":{"line":40,"column":70}},{"start":{"line":41,"column":20},"end":{"line":41,"column":71}},{"start":{"line":42,"column":20},"end":{"line":42,"column":29}}]},"2":{"line":44,"type":"binary-expr","locations":[{"start":{"line":44,"column":23},"end":{"line":44,"column":37}},{"start":{"line":45,"column":20},"end":{"line":45,"column":61}},{"start":{"line":46,"column":20},"end":{"line":46,"column":70}},{"start":{"line":47,"column":20},"end":{"line":47,"column":26}}]},"3":{"line":51,"type":"cond-expr","locations":[{"start":{"line":52,"column":14},"end":{"line":52,"column":20}},{"start":{"line":53,"column":14},"end":{"line":53,"column":20}}]},"4":{"line":55,"type":"binary-expr","locations":[{"start":{"line":55,"column":16},"end":{"line":55,"column":44}},{"start":{"line":55,"column":49},"end":{"line":57,"column":43}}]},"5":{"line":55,"type":"cond-expr","locations":[{"start":{"line":56,"column":14},"end":{"line":56,"column":52}},{"start":{"line":57,"column":14},"end":{"line":57,"column":43}}]},"6":{"line":61,"type":"switch","locations":[{"start":{"line":68,"column":4},"end":{"line":150,"column":14},"skip":true},{"start":{"line":156,"column":4},"end":{"line":324,"column":14},"skip":true}]},"7":{"line":70,"type":"if","locations":[{"start":{"line":70,"column":12},"end":{"line":70,"column":12},"skip":true},{"start":{"line":70,"column":12},"end":{"line":70,"column":12},"skip":true}]},"8":{"line":70,"type":"binary-expr","locations":[{"start":{"line":70,"column":16},"end":{"line":70,"column":22},"skip":true},{"start":{"line":70,"column":27},"end":{"line":70,"column":32},"skip":true},{"start":{"line":71,"column":20},"end":{"line":71,"column":39},"skip":true},{"start":{"line":72,"column":20},"end":{"line":72,"column":49},"skip":true},{"start":{"line":73,"column":20},"end":{"line":73,"column":58},"skip":true},{"start":{"line":74,"column":20},"end":{"line":74,"column":69},"skip":true}]},"9":{"line":79,"type":"switch","locations":[{"start":{"line":80,"column":20},"end":{"line":80,"column":33},"skip":true},{"start":{"line":81,"column":20},"end":{"line":83,"column":30},"skip":true},{"start":{"line":84,"column":20},"end":{"line":85,"column":49},"skip":true}]},"10":{"line":89,"type":"switch","locations":[{"start":{"line":90,"column":12},"end":{"line":103,"column":22},"skip":true},{"start":{"line":105,"column":12},"end":{"line":106,"column":22},"skip":true}]},"11":{"line":89,"type":"binary-expr","locations":[{"start":{"line":89,"column":20},"end":{"line":89,"column":25},"skip":true},{"start":{"line":89,"column":29},"end":{"line":89,"column":48},"skip":true},{"start":{"line":89,"column":52},"end":{"line":89,"column":74},"skip":true}]},"12":{"line":92,"type":"if","locations":[{"start":{"line":92,"column":16},"end":{"line":92,"column":16},"skip":true},{"start":{"line":92,"column":16},"end":{"line":92,"column":16},"skip":true}]},"13":{"line":108,"type":"if","locations":[{"start":{"line":108,"column":12},"end":{"line":108,"column":12},"skip":true},{"start":{"line":108,"column":12},"end":{"line":108,"column":12},"skip":true}]},"14":{"line":108,"type":"binary-expr","locations":[{"start":{"line":108,"column":16},"end":{"line":108,"column":61},"skip":true},{"start":{"line":108,"column":66},"end":{"line":108,"column":72},"skip":true},{"start":{"line":108,"column":77},"end":{"line":108,"column":82},"skip":true},{"start":{"line":109,"column":20},"end":{"line":109,"column":39},"skip":true},{"start":{"line":110,"column":20},"end":{"line":110,"column":49},"skip":true},{"start":{"line":111,"column":20},"end":{"line":111,"column":58},"skip":true},{"start":{"line":112,"column":20},"end":{"line":112,"column":68},"skip":true}]},"15":{"line":129,"type":"if","locations":[{"start":{"line":129,"column":16},"end":{"line":129,"column":16},"skip":true},{"start":{"line":129,"column":16},"end":{"line":129,"column":16},"skip":true}]},"16":{"line":134,"type":"cond-expr","locations":[{"start":{"line":135,"column":26},"end":{"line":135,"column":29},"skip":true},{"start":{"line":136,"column":26},"end":{"line":136,"column":54},"skip":true}]},"17":{"line":164,"type":"binary-expr","locations":[{"start":{"line":164,"column":27},"end":{"line":164,"column":43},"skip":true},{"start":{"line":164,"column":47},"end":{"line":164,"column":49},"skip":true}]},"18":{"line":258,"type":"if","locations":[{"start":{"line":258,"column":8},"end":{"line":258,"column":8},"skip":true},{"start":{"line":258,"column":8},"end":{"line":258,"column":8},"skip":true}]},"19":{"line":275,"type":"switch","locations":[{"start":{"line":276,"column":20},"end":{"line":277,"column":64},"skip":true},{"start":{"line":278,"column":20},"end":{"line":279,"column":40},"skip":true},{"start":{"line":280,"column":20},"end":{"line":281,"column":40},"skip":true},{"start":{"line":282,"column":20},"end":{"line":283,"column":39},"skip":true}]},"20":{"line":288,"type":"if","locations":[{"start":{"line":288,"column":8},"end":{"line":288,"column":8},"skip":true},{"start":{"line":288,"column":8},"end":{"line":288,"column":8},"skip":true}]},"21":{"line":288,"type":"binary-expr","locations":[{"start":{"line":288,"column":12},"end":{"line":288,"column":40},"skip":true},{"start":{"line":288,"column":44},"end":{"line":288,"column":67},"skip":true}]},"22":{"line":292,"type":"binary-expr","locations":[{"start":{"line":292,"column":12},"end":{"line":292,"column":50},"skip":true},{"start":{"line":293,"column":12},"end":{"line":293,"column":53},"skip":true}]},"23":{"line":297,"type":"binary-expr","locations":[{"start":{"line":297,"column":12},"end":{"line":297,"column":66},"skip":true},{"start":{"line":298,"column":12},"end":{"line":301,"column":36},"skip":true}]},"24":{"line":303,"type":"binary-expr","locations":[{"start":{"line":303,"column":43},"end":{"line":303,"column":75},"skip":true},{"start":{"line":303,"column":79},"end":{"line":303,"column":81},"skip":true}]},"25":{"line":306,"type":"if","locations":[{"start":{"line":306,"column":8},"end":{"line":306,"column":8},"skip":true},{"start":{"line":306,"column":8},"end":{"line":306,"column":8},"skip":true}]},"26":{"line":310,"type":"if","locations":[{"start":{"line":310,"column":8},"end":{"line":310,"column":8},"skip":true},{"start":{"line":310,"column":8},"end":{"line":310,"column":8},"skip":true}]},"27":{"line":313,"type":"binary-expr","locations":[{"start":{"line":313,"column":27},"end":{"line":313,"column":43},"skip":true},{"start":{"line":313,"column":47},"end":{"line":313,"column":53},"skip":true}]},"28":{"line":317,"type":"if","locations":[{"start":{"line":317,"column":12},"end":{"line":317,"column":12},"skip":true},{"start":{"line":317,"column":12},"end":{"line":317,"column":12},"skip":true}]}},"code":["/*","example.js","","quickstart example","","instruction","    1. save this script as example.js","    2. run the shell command:","        $ npm install npmtest-grunt-ts && PORT=8081 node example.js","    3. play with the browser-demo on http://127.0.0.1:8081","*/","","","","/* istanbul instrument in package npmtest_grunt_ts */","/*jslint","    bitwise: true,","    browser: true,","    maxerr: 8,","    maxlen: 96,","    node: true,","    nomen: true,","    regexp: true,","    stupid: true","*/","(function () {","    'use strict';","    var local;","","","","    // run shared js-env code - pre-init","    (function () {","        // init local","        local = {};","        // init modeJs","        local.modeJs = (function () {","            try {","                return typeof navigator.userAgent === 'string' &&","                    typeof document.querySelector('body') === 'object' &&","                    typeof XMLHttpRequest.prototype.open === 'function' &&","                    'browser';","            } catch (errorCaughtBrowser) {","                return module.exports &&","                    typeof process.versions.node === 'string' &&","                    typeof require('http').createServer === 'function' &&","                    'node';","            }","        }());","        // init global","        local.global = local.modeJs === 'browser'","            ? window","            : global;","        // init utility2_rollup","        local = local.global.utility2_rollup || (local.modeJs === 'browser'","            ? local.global.utility2_npmtest_grunt_ts","            : global.utility2_moduleExports);","        // export local","        local.global.local = local;","    }());","    switch (local.modeJs) {","","","","    // post-init","    // run browser js-env code - post-init","    /* istanbul ignore next */","    case 'browser':","        local.testRunBrowser = function (event) {","            if (!event || (event &&","                    event.currentTarget &&","                    event.currentTarget.className &&","                    event.currentTarget.className.includes &&","                    event.currentTarget.className.includes('onreset'))) {","                // reset output","                Array.from(","                    document.querySelectorAll('body > .resettable')","                ).forEach(function (element) {","                    switch (element.tagName) {","                    case 'INPUT':","                    case 'TEXTAREA':","                        element.value = '';","                        break;","                    default:","                        element.textContent = '';","                    }","                });","            }","            switch (event && event.currentTarget && event.currentTarget.id) {","            case 'testRunButton1':","                // show tests","                if (document.querySelector('#testReportDiv1').style.display === 'none') {","                    document.querySelector('#testReportDiv1').style.display = 'block';","                    document.querySelector('#testRunButton1').textContent =","                        'hide internal test';","                    local.modeTest = true;","                    local.testRunDefault(local);","                // hide tests","                } else {","                    document.querySelector('#testReportDiv1').style.display = 'none';","                    document.querySelector('#testRunButton1').textContent = 'run internal test';","                }","                break;","            // custom-case","            default:","                break;","            }","            if (document.querySelector('#inputTextareaEval1') && (!event || (event &&","                    event.currentTarget &&","                    event.currentTarget.className &&","                    event.currentTarget.className.includes &&","                    event.currentTarget.className.includes('oneval')))) {","                // try to eval input-code","                try {","                    /*jslint evil: true*/","                    eval(document.querySelector('#inputTextareaEval1').value);","                } catch (errorCaught) {","                    console.error(errorCaught);","                }","            }","        };","        // log stderr and stdout to #outputTextareaStdout1","        ['error', 'log'].forEach(function (key) {","            console[key + '_original'] = console[key];","            console[key] = function () {","                var element;","                console[key + '_original'].apply(console, arguments);","                element = document.querySelector('#outputTextareaStdout1');","                if (!element) {","                    return;","                }","                // append text to #outputTextareaStdout1","                element.value += Array.from(arguments).map(function (arg) {","                    return typeof arg === 'string'","                        ? arg","                        : JSON.stringify(arg, null, 4);","                }).join(' ') + '\\n';","                // scroll textarea to bottom","                element.scrollTop = element.scrollHeight;","            };","        });","        // init event-handling","        ['change', 'click', 'keyup'].forEach(function (event) {","            Array.from(document.querySelectorAll('.on' + event)).forEach(function (element) {","                element.addEventListener(event, local.testRunBrowser);","            });","        });","        // run tests","        local.testRunBrowser();","        break;","","","","    // run node js-env code - post-init","    /* istanbul ignore next */","    case 'node':","        // export local","        module.exports = local;","        // require modules","        local.fs = require('fs');","        local.http = require('http');","        local.url = require('url');","        // init assets","        local.assetsDict = local.assetsDict || {};","        /* jslint-ignore-begin */","        local.assetsDict['/assets.index.template.html'] = '\\","<!doctype html>\\n\\","<html lang=\"en\">\\n\\","<head>\\n\\","<meta charset=\"UTF-8\">\\n\\","<meta name=\"viewport\" content=\"width=device-width, initial-scale=1\">\\n\\","<title>{{env.npm_package_name}} (v{{env.npm_package_version}})</title>\\n\\","<style>\\n\\","/*csslint\\n\\","    box-sizing: false,\\n\\","    universal-selector: false\\n\\","*/\\n\\","* {\\n\\","    box-sizing: border-box;\\n\\","}\\n\\","body {\\n\\","    background: #dde;\\n\\","    font-family: Arial, Helvetica, sans-serif;\\n\\","    margin: 2rem;\\n\\","}\\n\\","body > * {\\n\\","    margin-bottom: 1rem;\\n\\","}\\n\\",".utility2FooterDiv {\\n\\","    margin-top: 20px;\\n\\","    text-align: center;\\n\\","}\\n\\","</style>\\n\\","<style>\\n\\","/*csslint\\n\\","*/\\n\\","textarea {\\n\\","    font-family: monospace;\\n\\","    height: 10rem;\\n\\","    width: 100%;\\n\\","}\\n\\","textarea[readonly] {\\n\\","    background: #ddd;\\n\\","}\\n\\","</style>\\n\\","</head>\\n\\","<body>\\n\\","<!-- utility2-comment\\n\\","<div id=\"ajaxProgressDiv1\" style=\"background: #d00; height: 2px; left: 0; margin: 0; padding: 0; position: fixed; top: 0; transition: background 0.5s, width 1.5s; width: 25%;\"></div>\\n\\","utility2-comment -->\\n\\","<h1>\\n\\","<!-- utility2-comment\\n\\","    <a\\n\\","        {{#if env.npm_package_homepage}}\\n\\","        href=\"{{env.npm_package_homepage}}\"\\n\\","        {{/if env.npm_package_homepage}}\\n\\","        target=\"_blank\"\\n\\","    >\\n\\","utility2-comment -->\\n\\","        {{env.npm_package_name}} (v{{env.npm_package_version}})\\n\\","<!-- utility2-comment\\n\\","    </a>\\n\\","utility2-comment -->\\n\\","</h1>\\n\\","<h3>{{env.npm_package_description}}</h3>\\n\\","<!-- utility2-comment\\n\\","<h4><a download href=\"assets.app.js\">download standalone app</a></h4>\\n\\","<button class=\"onclick onreset\" id=\"testRunButton1\">run internal test</button><br>\\n\\","<div id=\"testReportDiv1\" style=\"display: none;\"></div>\\n\\","utility2-comment -->\\n\\","\\n\\","\\n\\","\\n\\","<label>stderr and stdout</label>\\n\\","<textarea class=\"resettable\" id=\"outputTextareaStdout1\" readonly></textarea>\\n\\","<!-- utility2-comment\\n\\","{{#if isRollup}}\\n\\","<script src=\"assets.app.js\"></script>\\n\\","{{#unless isRollup}}\\n\\","utility2-comment -->\\n\\","<script src=\"assets.utility2.rollup.js\"></script>\\n\\","<script src=\"jsonp.utility2._stateInit?callback=window.utility2._stateInit\"></script>\\n\\","<script src=\"assets.npmtest_grunt_ts.rollup.js\"></script>\\n\\","<script src=\"assets.example.js\"></script>\\n\\","<script src=\"assets.test.js\"></script>\\n\\","<!-- utility2-comment\\n\\","{{/if isRollup}}\\n\\","utility2-comment -->\\n\\","<div class=\"utility2FooterDiv\">\\n\\","    [ this app was created with\\n\\","    <a href=\"https://github.com/kaizhu256/node-utility2\" target=\"_blank\">utility2</a>\\n\\","    ]\\n\\","</div>\\n\\","</body>\\n\\","</html>\\n\\","';","        /* jslint-ignore-end */","        if (local.templateRender) {","            local.assetsDict['/'] = local.templateRender(","                local.assetsDict['/assets.index.template.html'],","                {","                    env: local.objectSetDefault(local.env, {","                        npm_package_description: 'the greatest app in the world!',","                        npm_package_name: 'my-app',","                        npm_package_nameAlias: 'my_app',","                        npm_package_version: '0.0.1'","                    })","                }","            );","        } else {","            local.assetsDict['/'] = local.assetsDict['/assets.index.template.html']","                .replace((/\\{\\{env\\.(\\w+?)\\}\\}/g), function (match0, match1) {","                    // jslint-hack","                    String(match0);","                    switch (match1) {","                    case 'npm_package_description':","                        return 'the greatest app in the world!';","                    case 'npm_package_name':","                        return 'my-app';","                    case 'npm_package_nameAlias':","                        return 'my_app';","                    case 'npm_package_version':","                        return '0.0.1';","                    }","                });","        }","        // run the cli","        if (local.global.utility2_rollup || module !== require.main) {","            break;","        }","        local.assetsDict['/assets.example.js'] =","            local.assetsDict['/assets.example.js'] ||","            local.fs.readFileSync(__filename, 'utf8');","        // bug-workaround - long $npm_package_buildCustomOrg","        /* jslint-ignore-begin */","        local.assetsDict['/assets.npmtest_grunt_ts.rollup.js'] =","            local.assetsDict['/assets.npmtest_grunt_ts.rollup.js'] ||","            local.fs.readFileSync(","                local.npmtest_grunt_ts.__dirname + '/lib.npmtest_grunt_ts.js',","                'utf8'","            ).replace((/^#!/), '//');","        /* jslint-ignore-end */","        local.assetsDict['/favicon.ico'] = local.assetsDict['/favicon.ico'] || '';","        // if $npm_config_timeout_exit exists,","        // then exit this process after $npm_config_timeout_exit ms","        if (Number(process.env.npm_config_timeout_exit)) {","            setTimeout(process.exit, Number(process.env.npm_config_timeout_exit));","        }","        // start server","        if (local.global.utility2_serverHttp1) {","            break;","        }","        process.env.PORT = process.env.PORT || '8081';","        console.error('server starting on port ' + process.env.PORT);","        local.http.createServer(function (request, response) {","            request.urlParsed = local.url.parse(request.url);","            if (local.assetsDict[request.urlParsed.pathname] !== undefined) {","                response.end(local.assetsDict[request.urlParsed.pathname]);","                return;","            }","            response.statusCode = 404;","            response.end();","        }).listen(process.env.PORT);","        break;","    }","}());",""],"l":{"26":2,"28":2,"33":2,"35":2,"37":2,"38":2,"39":2,"44":1,"51":2,"55":2,"59":2,"61":2,"69":1,"70":2,"76":2,"79":2,"82":2,"83":2,"85":1,"89":2,"92":1,"93":1,"94":1,"96":1,"97":1,"100":1,"101":1,"103":1,"106":1,"108":2,"114":1,"116":1,"118":1,"123":1,"124":2,"125":2,"126":3,"127":3,"128":3,"129":3,"130":1,"133":3,"134":3,"139":3,"143":1,"144":3,"145":1,"149":1,"150":1,"158":1,"160":1,"161":1,"162":1,"164":1,"166":1,"258":1,"259":1,"271":1,"274":6,"275":6,"277":1,"279":2,"281":1,"283":2,"288":1,"289":1,"291":1,"296":1,"303":1,"306":1,"307":1,"310":1,"311":1,"313":1,"314":1,"315":1,"316":1,"317":1,"318":1,"319":1,"321":1,"322":1,"324":1}},"/home/travis/build/npmtest/node-npmtest-grunt-ts/node_modules/grunt-ts/tasks/ts.js":{"path":"/home/travis/build/npmtest/node-npmtest-grunt-ts/node_modules/grunt-ts/tasks/ts.js","s":{"1":1,"2":1,"3":1,"4":1,"5":1,"6":1,"7":1,"8":1,"9":1,"10":1,"11":1,"12":1,"13":1,"14":1,"15":1,"16":0,"17":0,"18":0,"19":0,"20":0,"21":0,"22":0,"23":0,"24":0,"25":0,"26":0,"27":0,"28":0,"29":0,"30":0,"31":0,"32":0,"33":0,"34":0,"35":0,"36":0,"37":0,"38":1,"39":0,"40":0,"41":0,"42":0,"43":0,"44":0,"45":0,"46":0,"47":1,"48":0,"49":0,"50":0,"51":0,"52":0,"53":0,"54":1,"55":0,"56":1,"57":0,"58":0,"59":0,"60":0,"61":0,"62":0,"63":0,"64":0,"65":0,"66":0,"67":0,"68":1,"69":0,"70":0,"71":0,"72":0,"73":0,"74":0,"75":0,"76":0,"77":0,"78":0,"79":0,"80":0,"81":0,"82":0,"83":0,"84":0,"85":0,"86":0,"87":0,"88":0,"89":0,"90":0,"91":0,"92":0,"93":0,"94":0,"95":0,"96":0,"97":0,"98":0,"99":0,"100":0,"101":0,"102":0,"103":0,"104":0,"105":0,"106":0,"107":0,"108":0,"109":0,"110":0,"111":0,"112":0,"113":0,"114":0,"115":0,"116":0,"117":0,"118":0,"119":0,"120":0,"121":0,"122":0,"123":0,"124":0,"125":0,"126":0,"127":0,"128":0,"129":1,"130":0,"131":0,"132":0,"133":0,"134":0,"135":0,"136":0,"137":0,"138":0,"139":0,"140":0,"141":0,"142":0,"143":0,"144":0,"145":0,"146":0,"147":0,"148":0,"149":0,"150":0,"151":0,"152":0,"153":0,"154":0,"155":0,"156":0,"157":0,"158":0,"159":0,"160":0,"161":0,"162":0,"163":0,"164":0,"165":0,"166":0,"167":0,"168":0,"169":0,"170":0,"171":0,"172":0,"173":0,"174":0,"175":0,"176":0,"177":0,"178":0,"179":0,"180":0,"181":0,"182":0,"183":0,"184":0,"185":0,"186":0,"187":0,"188":0,"189":0,"190":0,"191":0,"192":1,"193":0,"194":0,"195":0,"196":0,"197":0,"198":0,"199":0,"200":0,"201":0,"202":0,"203":0,"204":0,"205":0,"206":0,"207":0,"208":1,"209":0,"210":0,"211":0,"212":1},"b":{"1":[0,0],"2":[0,0],"3":[0,0],"4":[0,0],"5":[0,0],"6":[0,0],"7":[0,0],"8":[0,0],"9":[0,0],"10":[0,0],"11":[0,0],"12":[0,0],"13":[0,0],"14":[0,0],"15":[0,0],"16":[0,0],"17":[0,0],"18":[0,0],"19":[0,0],"20":[0,0],"21":[0,0],"22":[0,0],"23":[0,0],"24":[0,0],"25":[0,0],"26":[0,0],"27":[0,0],"28":[0,0],"29":[0,0,0,0],"30":[0,0],"31":[0,0],"32":[0,0],"33":[0,0],"34":[0,0],"35":[0,0],"36":[0,0],"37":[0,0,0],"38":[0,0],"39":[0,0],"40":[0,0],"41":[0,0],"42":[0,0],"43":[0,0],"44":[0,0,0],"45":[0,0],"46":[0,0],"47":[0,0],"48":[0,0],"49":[0,0],"50":[0,0],"51":[0,0],"52":[0,0,0],"53":[0,0],"54":[0,0],"55":[0,0],"56":[0,0],"57":[0,0],"58":[0,0],"59":[0,0],"60":[0,0],"61":[0,0]},"f":{"1":0,"2":0,"3":0,"4":0,"5":0,"6":0,"7":0,"8":0,"9":0,"10":0,"11":0,"12":0,"13":0,"14":0,"15":0,"16":0,"17":0,"18":0,"19":0,"20":0,"21":0,"22":0,"23":0,"24":0,"25":0,"26":0,"27":0,"28":0,"29":0,"30":0,"31":0,"32":0},"fnMap":{"1":{"name":"pluginFn","line":22,"loc":{"start":{"line":22,"column":0},"end":{"line":22,"column":25}}},"2":{"name":"(anonymous_2)","line":26,"loc":{"start":{"line":26,"column":62},"end":{"line":26,"column":74}}},"3":{"name":"(anonymous_3)","line":38,"loc":{"start":{"line":38,"column":161},"end":{"line":38,"column":179}}},"4":{"name":"(anonymous_4)","line":40,"loc":{"start":{"line":40,"column":41},"end":{"line":40,"column":60}}},"5":{"name":"(anonymous_5)","line":43,"loc":{"start":{"line":43,"column":39},"end":{"line":43,"column":56}}},"6":{"name":"(anonymous_6)","line":54,"loc":{"start":{"line":54,"column":21},"end":{"line":54,"column":38}}},"7":{"name":"proceed","line":59,"loc":{"start":{"line":59,"column":8},"end":{"line":59,"column":27}}},"8":{"name":"(anonymous_8)","line":62,"loc":{"start":{"line":62,"column":50},"end":{"line":62,"column":74}}},"9":{"name":"isReferenceFile","line":71,"loc":{"start":{"line":71,"column":16},"end":{"line":71,"column":51}}},"10":{"name":"isOutFile","line":81,"loc":{"start":{"line":81,"column":16},"end":{"line":81,"column":45}}},"11":{"name":"isBaseDirFile","line":85,"loc":{"start":{"line":85,"column":16},"end":{"line":85,"column":62}}},"12":{"name":"runCompilation","line":104,"loc":{"start":{"line":104,"column":16},"end":{"line":104,"column":66}}},"13":{"name":"(anonymous_13)","line":111,"loc":{"start":{"line":111,"column":30},"end":{"line":111,"column":48}}},"14":{"name":"(anonymous_14)","line":139,"loc":{"start":{"line":139,"column":86},"end":{"line":139,"column":112}}},"15":{"name":"(anonymous_15)","line":214,"loc":{"start":{"line":214,"column":29},"end":{"line":214,"column":44}}},"16":{"name":"filterFilesTransformAndCompile","line":224,"loc":{"start":{"line":224,"column":16},"end":{"line":224,"column":58}}},"17":{"name":"(anonymous_17)","line":227,"loc":{"start":{"line":227,"column":48},"end":{"line":227,"column":64}}},"18":{"name":"(anonymous_18)","line":232,"loc":{"start":{"line":232,"column":68},"end":{"line":232,"column":84}}},"19":{"name":"(anonymous_19)","line":242,"loc":{"start":{"line":242,"column":59},"end":{"line":242,"column":75}}},"20":{"name":"(anonymous_20)","line":260,"loc":{"start":{"line":260,"column":58},"end":{"line":260,"column":78}}},"21":{"name":"(anonymous_21)","line":261,"loc":{"start":{"line":261,"column":47},"end":{"line":261,"column":67}}},"22":{"name":"(anonymous_22)","line":286,"loc":{"start":{"line":286,"column":44},"end":{"line":286,"column":56}}},"23":{"name":"(anonymous_23)","line":287,"loc":{"start":{"line":287,"column":93},"end":{"line":287,"column":106}}},"24":{"name":"(anonymous_24)","line":305,"loc":{"start":{"line":305,"column":78},"end":{"line":305,"column":97}}},"25":{"name":"(anonymous_25)","line":332,"loc":{"start":{"line":332,"column":35},"end":{"line":332,"column":51}}},"26":{"name":"(anonymous_26)","line":337,"loc":{"start":{"line":337,"column":38},"end":{"line":337,"column":54}}},"27":{"name":"(anonymous_27)","line":342,"loc":{"start":{"line":342,"column":38},"end":{"line":342,"column":54}}},"28":{"name":"(anonymous_28)","line":347,"loc":{"start":{"line":347,"column":37},"end":{"line":347,"column":54}}},"29":{"name":"handleFileEvent","line":356,"loc":{"start":{"line":356,"column":16},"end":{"line":356,"column":79}}},"30":{"name":"(anonymous_30)","line":373,"loc":{"start":{"line":373,"column":20},"end":{"line":373,"column":35}}},"31":{"name":"(anonymous_31)","line":376,"loc":{"start":{"line":376,"column":33},"end":{"line":376,"column":52}}},"32":{"name":"processIndividualTemplate","line":391,"loc":{"start":{"line":391,"column":4},"end":{"line":391,"column":49}}}},"statementMap":{"1":{"start":{"line":8,"column":0},"end":{"line":8,"column":26}},"2":{"start":{"line":9,"column":0},"end":{"line":9,"column":27}},"3":{"start":{"line":10,"column":0},"end":{"line":10,"column":23}},"4":{"start":{"line":11,"column":0},"end":{"line":11,"column":43}},"5":{"start":{"line":12,"column":0},"end":{"line":12,"column":39}},"6":{"start":{"line":13,"column":0},"end":{"line":13,"column":49}},"7":{"start":{"line":14,"column":0},"end":{"line":14,"column":53}},"8":{"start":{"line":15,"column":0},"end":{"line":15,"column":53}},"9":{"start":{"line":16,"column":0},"end":{"line":16,"column":49}},"10":{"start":{"line":17,"column":0},"end":{"line":17,"column":61}},"11":{"start":{"line":18,"column":0},"end":{"line":18,"column":53}},"12":{"start":{"line":19,"column":0},"end":{"line":19,"column":66}},"13":{"start":{"line":20,"column":0},"end":{"line":20,"column":59}},"14":{"start":{"line":21,"column":0},"end":{"line":21,"column":36}},"15":{"start":{"line":22,"column":0},"end":{"line":397,"column":1}},"16":{"start":{"line":26,"column":4},"end":{"line":390,"column":7}},"17":{"start":{"line":28,"column":8},"end":{"line":28,"column":38}},"18":{"start":{"line":29,"column":8},"end":{"line":29,"column":26}},"19":{"start":{"line":31,"column":12},"end":{"line":31,"column":40}},"20":{"start":{"line":32,"column":12},"end":{"line":32,"column":55}},"21":{"start":{"line":34,"column":12},"end":{"line":34,"column":44}},"22":{"start":{"line":36,"column":12},"end":{"line":36,"column":83}},"23":{"start":{"line":37,"column":12},"end":{"line":37,"column":117}},"24":{"start":{"line":38,"column":12},"end":{"line":57,"column":15}},"25":{"start":{"line":39,"column":16},"end":{"line":39,"column":33}},"26":{"start":{"line":40,"column":16},"end":{"line":42,"column":19}},"27":{"start":{"line":41,"column":20},"end":{"line":41,"column":55}},"28":{"start":{"line":43,"column":16},"end":{"line":45,"column":19}},"29":{"start":{"line":44,"column":20},"end":{"line":44,"column":49}},"30":{"start":{"line":46,"column":16},"end":{"line":52,"column":17}},"31":{"start":{"line":47,"column":20},"end":{"line":49,"column":21}},"32":{"start":{"line":48,"column":24},"end":{"line":48,"column":53}},"33":{"start":{"line":50,"column":20},"end":{"line":50,"column":32}},"34":{"start":{"line":51,"column":20},"end":{"line":51,"column":27}},"35":{"start":{"line":53,"column":16},"end":{"line":53,"column":26}},"36":{"start":{"line":55,"column":16},"end":{"line":55,"column":52}},"37":{"start":{"line":56,"column":16},"end":{"line":56,"column":28}},"38":{"start":{"line":59,"column":8},"end":{"line":389,"column":9}},"39":{"start":{"line":60,"column":12},"end":{"line":60,"column":58}},"40":{"start":{"line":62,"column":12},"end":{"line":388,"column":21}},"41":{"start":{"line":64,"column":16},"end":{"line":64,"column":77}},"42":{"start":{"line":65,"column":16},"end":{"line":65,"column":34}},"43":{"start":{"line":66,"column":16},"end":{"line":66,"column":34}},"44":{"start":{"line":67,"column":16},"end":{"line":70,"column":17}},"45":{"start":{"line":68,"column":20},"end":{"line":68,"column":60}},"46":{"start":{"line":69,"column":20},"end":{"line":69,"column":64}},"47":{"start":{"line":71,"column":16},"end":{"line":73,"column":17}},"48":{"start":{"line":72,"column":20},"end":{"line":72,"column":68}},"49":{"start":{"line":75,"column":16},"end":{"line":75,"column":47}},"50":{"start":{"line":76,"column":16},"end":{"line":76,"column":33}},"51":{"start":{"line":77,"column":16},"end":{"line":80,"column":17}},"52":{"start":{"line":78,"column":20},"end":{"line":78,"column":52}},"53":{"start":{"line":79,"column":20},"end":{"line":79,"column":67}},"54":{"start":{"line":81,"column":16},"end":{"line":83,"column":17}},"55":{"start":{"line":82,"column":20},"end":{"line":82,"column":67}},"56":{"start":{"line":85,"column":16},"end":{"line":93,"column":17}},"57":{"start":{"line":86,"column":20},"end":{"line":86,"column":52}},"58":{"start":{"line":87,"column":20},"end":{"line":87,"column":32}},"59":{"start":{"line":88,"column":20},"end":{"line":91,"column":21}},"60":{"start":{"line":89,"column":24},"end":{"line":89,"column":68}},"61":{"start":{"line":90,"column":24},"end":{"line":90,"column":45}},"62":{"start":{"line":92,"column":20},"end":{"line":92,"column":95}},"63":{"start":{"line":95,"column":16},"end":{"line":95,"column":50}},"64":{"start":{"line":96,"column":16},"end":{"line":96,"column":49}},"65":{"start":{"line":97,"column":16},"end":{"line":100,"column":17}},"66":{"start":{"line":98,"column":20},"end":{"line":98,"column":60}},"67":{"start":{"line":99,"column":20},"end":{"line":99,"column":64}},"68":{"start":{"line":104,"column":16},"end":{"line":221,"column":17}},"69":{"start":{"line":105,"column":20},"end":{"line":105,"column":61}},"70":{"start":{"line":107,"column":20},"end":{"line":107,"column":57}},"71":{"start":{"line":108,"column":20},"end":{"line":108,"column":32}},"72":{"start":{"line":110,"column":20},"end":{"line":220,"column":23}},"73":{"start":{"line":113,"column":24},"end":{"line":113,"column":55}},"74":{"start":{"line":114,"column":24},"end":{"line":114,"column":46}},"75":{"start":{"line":118,"column":24},"end":{"line":121,"column":25}},"76":{"start":{"line":119,"column":28},"end":{"line":119,"column":78}},"77":{"start":{"line":120,"column":28},"end":{"line":120,"column":41}},"78":{"start":{"line":122,"column":24},"end":{"line":125,"column":25}},"79":{"start":{"line":123,"column":28},"end":{"line":123,"column":119}},"80":{"start":{"line":124,"column":28},"end":{"line":124,"column":41}},"81":{"start":{"line":128,"column":24},"end":{"line":128,"column":58}},"82":{"start":{"line":137,"column":24},"end":{"line":137,"column":106}},"83":{"start":{"line":138,"column":24},"end":{"line":138,"column":51}},"84":{"start":{"line":139,"column":24},"end":{"line":156,"column":43}},"85":{"start":{"line":140,"column":28},"end":{"line":140,"column":59}},"86":{"start":{"line":141,"column":28},"end":{"line":143,"column":29}},"87":{"start":{"line":142,"column":32},"end":{"line":142,"column":54}},"88":{"start":{"line":144,"column":28},"end":{"line":154,"column":29}},"89":{"start":{"line":145,"column":32},"end":{"line":145,"column":54}},"90":{"start":{"line":146,"column":32},"end":{"line":146,"column":58}},"91":{"start":{"line":148,"column":33},"end":{"line":154,"column":29}},"92":{"start":{"line":149,"column":32},"end":{"line":149,"column":54}},"93":{"start":{"line":150,"column":32},"end":{"line":150,"column":58}},"94":{"start":{"line":152,"column":33},"end":{"line":154,"column":29}},"95":{"start":{"line":153,"column":32},"end":{"line":153,"column":67}},"96":{"start":{"line":155,"column":28},"end":{"line":155,"column":62}},"97":{"start":{"line":159,"column":24},"end":{"line":159,"column":69}},"98":{"start":{"line":160,"column":24},"end":{"line":164,"column":25}},"99":{"start":{"line":161,"column":28},"end":{"line":163,"column":79}},"100":{"start":{"line":166,"column":24},"end":{"line":191,"column":25}},"101":{"start":{"line":167,"column":28},"end":{"line":172,"column":29}},"102":{"start":{"line":168,"column":32},"end":{"line":168,"column":61}},"103":{"start":{"line":171,"column":32},"end":{"line":171,"column":63}},"104":{"start":{"line":173,"column":28},"end":{"line":176,"column":29}},"105":{"start":{"line":174,"column":32},"end":{"line":175,"column":80}},"106":{"start":{"line":177,"column":28},"end":{"line":180,"column":29}},"107":{"start":{"line":178,"column":32},"end":{"line":179,"column":80}},"108":{"start":{"line":181,"column":28},"end":{"line":185,"column":29}},"109":{"start":{"line":182,"column":32},"end":{"line":184,"column":93}},"110":{"start":{"line":186,"column":28},"end":{"line":186,"column":50}},"111":{"start":{"line":187,"column":28},"end":{"line":190,"column":29}},"112":{"start":{"line":188,"column":32},"end":{"line":188,"column":63}},"113":{"start":{"line":189,"column":32},"end":{"line":189,"column":71}},"114":{"start":{"line":194,"column":24},"end":{"line":195,"column":88}},"115":{"start":{"line":196,"column":24},"end":{"line":212,"column":25}},"116":{"start":{"line":198,"column":28},"end":{"line":198,"column":68}},"117":{"start":{"line":199,"column":28},"end":{"line":199,"column":50}},"118":{"start":{"line":200,"column":28},"end":{"line":200,"column":102}},"119":{"start":{"line":201,"column":28},"end":{"line":206,"column":29}},"120":{"start":{"line":202,"column":32},"end":{"line":202,"column":75}},"121":{"start":{"line":205,"column":32},"end":{"line":205,"column":93}},"122":{"start":{"line":207,"column":28},"end":{"line":207,"column":61}},"123":{"start":{"line":211,"column":28},"end":{"line":211,"column":95}},"124":{"start":{"line":213,"column":24},"end":{"line":213,"column":49}},"125":{"start":{"line":215,"column":24},"end":{"line":215,"column":65}},"126":{"start":{"line":216,"column":24},"end":{"line":218,"column":25}},"127":{"start":{"line":217,"column":28},"end":{"line":217,"column":57}},"128":{"start":{"line":219,"column":24},"end":{"line":219,"column":37}},"129":{"start":{"line":224,"column":16},"end":{"line":318,"column":17}},"130":{"start":{"line":225,"column":20},"end":{"line":225,"column":44}},"131":{"start":{"line":226,"column":20},"end":{"line":240,"column":21}},"132":{"start":{"line":227,"column":24},"end":{"line":231,"column":27}},"133":{"start":{"line":228,"column":28},"end":{"line":230,"column":29}},"134":{"start":{"line":229,"column":32},"end":{"line":229,"column":58}},"135":{"start":{"line":232,"column":24},"end":{"line":236,"column":27}},"136":{"start":{"line":233,"column":28},"end":{"line":235,"column":29}},"137":{"start":{"line":234,"column":32},"end":{"line":234,"column":58}},"138":{"start":{"line":239,"column":24},"end":{"line":239,"column":51}},"139":{"start":{"line":242,"column":20},"end":{"line":245,"column":23}},"140":{"start":{"line":243,"column":24},"end":{"line":243,"column":55}},"141":{"start":{"line":244,"column":24},"end":{"line":244,"column":112}},"142":{"start":{"line":249,"column":20},"end":{"line":249,"column":44}},"143":{"start":{"line":250,"column":20},"end":{"line":267,"column":21}},"144":{"start":{"line":251,"column":24},"end":{"line":258,"column":26}},"145":{"start":{"line":259,"column":24},"end":{"line":259,"column":72}},"146":{"start":{"line":260,"column":24},"end":{"line":260,"column":145}},"147":{"start":{"line":260,"column":80},"end":{"line":260,"column":141}},"148":{"start":{"line":261,"column":24},"end":{"line":266,"column":27}},"149":{"start":{"line":262,"column":28},"end":{"line":265,"column":29}},"150":{"start":{"line":264,"column":32},"end":{"line":264,"column":62}},"151":{"start":{"line":271,"column":20},"end":{"line":281,"column":21}},"152":{"start":{"line":272,"column":24},"end":{"line":280,"column":25}},"153":{"start":{"line":273,"column":28},"end":{"line":273,"column":138}},"154":{"start":{"line":276,"column":28},"end":{"line":276,"column":96}},"155":{"start":{"line":277,"column":28},"end":{"line":277,"column":93}},"156":{"start":{"line":278,"column":28},"end":{"line":278,"column":100}},"157":{"start":{"line":279,"column":28},"end":{"line":279,"column":162}},"158":{"start":{"line":285,"column":20},"end":{"line":292,"column":21}},"159":{"start":{"line":286,"column":24},"end":{"line":288,"column":27}},"160":{"start":{"line":287,"column":28},"end":{"line":287,"column":218}},"161":{"start":{"line":287,"column":108},"end":{"line":287,"column":135}},"162":{"start":{"line":289,"column":24},"end":{"line":291,"column":25}},"163":{"start":{"line":290,"column":28},"end":{"line":290,"column":105}},"164":{"start":{"line":295,"column":20},"end":{"line":298,"column":21}},"165":{"start":{"line":296,"column":24},"end":{"line":296,"column":128}},"166":{"start":{"line":297,"column":24},"end":{"line":297,"column":138}},"167":{"start":{"line":300,"column":20},"end":{"line":300,"column":120}},"168":{"start":{"line":301,"column":20},"end":{"line":301,"column":54}},"169":{"start":{"line":303,"column":20},"end":{"line":317,"column":21}},"170":{"start":{"line":304,"column":24},"end":{"line":313,"column":25}},"171":{"start":{"line":305,"column":28},"end":{"line":307,"column":31}},"172":{"start":{"line":306,"column":32},"end":{"line":306,"column":47}},"173":{"start":{"line":311,"column":28},"end":{"line":311,"column":73}},"174":{"start":{"line":312,"column":28},"end":{"line":312,"column":71}},"175":{"start":{"line":316,"column":24},"end":{"line":316,"column":67}},"176":{"start":{"line":320,"column":16},"end":{"line":320,"column":36}},"177":{"start":{"line":322,"column":16},"end":{"line":350,"column":17}},"178":{"start":{"line":324,"column":20},"end":{"line":324,"column":71}},"179":{"start":{"line":326,"column":20},"end":{"line":326,"column":55}},"180":{"start":{"line":327,"column":20},"end":{"line":327,"column":103}},"181":{"start":{"line":329,"column":20},"end":{"line":329,"column":106}},"182":{"start":{"line":331,"column":20},"end":{"line":349,"column":23}},"183":{"start":{"line":333,"column":24},"end":{"line":333,"column":68}},"184":{"start":{"line":335,"column":24},"end":{"line":335,"column":59}},"185":{"start":{"line":338,"column":24},"end":{"line":338,"column":68}},"186":{"start":{"line":340,"column":24},"end":{"line":340,"column":59}},"187":{"start":{"line":343,"column":24},"end":{"line":343,"column":62}},"188":{"start":{"line":345,"column":24},"end":{"line":345,"column":59}},"189":{"start":{"line":348,"column":24},"end":{"line":348,"column":77}},"190":{"start":{"line":352,"column":16},"end":{"line":352,"column":51}},"191":{"start":{"line":354,"column":16},"end":{"line":354,"column":56}},"192":{"start":{"line":356,"column":16},"end":{"line":372,"column":17}},"193":{"start":{"line":357,"column":20},"end":{"line":357,"column":78}},"194":{"start":{"line":357,"column":53},"end":{"line":357,"column":76}},"195":{"start":{"line":359,"column":20},"end":{"line":361,"column":21}},"196":{"start":{"line":360,"column":24},"end":{"line":360,"column":31}},"197":{"start":{"line":364,"column":20},"end":{"line":368,"column":21}},"198":{"start":{"line":367,"column":24},"end":{"line":367,"column":31}},"199":{"start":{"line":370,"column":20},"end":{"line":370,"column":78}},"200":{"start":{"line":371,"column":20},"end":{"line":371,"column":53}},"201":{"start":{"line":375,"column":16},"end":{"line":387,"column":17}},"202":{"start":{"line":376,"column":20},"end":{"line":386,"column":21}},"203":{"start":{"line":377,"column":24},"end":{"line":377,"column":40}},"204":{"start":{"line":379,"column":24},"end":{"line":381,"column":25}},"205":{"start":{"line":380,"column":28},"end":{"line":380,"column":57}},"206":{"start":{"line":382,"column":24},"end":{"line":382,"column":36}},"207":{"start":{"line":385,"column":24},"end":{"line":385,"column":31}},"208":{"start":{"line":391,"column":4},"end":{"line":396,"column":5}},"209":{"start":{"line":392,"column":8},"end":{"line":394,"column":9}},"210":{"start":{"line":393,"column":12},"end":{"line":393,"column":56}},"211":{"start":{"line":395,"column":8},"end":{"line":395,"column":24}},"212":{"start":{"line":398,"column":0},"end":{"line":398,"column":26}}},"branchMap":{"1":{"line":36,"type":"binary-expr","locations":[{"start":{"line":36,"column":33},"end":{"line":36,"column":75}},{"start":{"line":36,"column":79},"end":{"line":36,"column":81}}]},"2":{"line":37,"type":"binary-expr","locations":[{"start":{"line":37,"column":35},"end":{"line":37,"column":109}},{"start":{"line":37,"column":113},"end":{"line":37,"column":115}}]},"3":{"line":46,"type":"if","locations":[{"start":{"line":46,"column":16},"end":{"line":46,"column":16}},{"start":{"line":46,"column":16},"end":{"line":46,"column":16}}]},"4":{"line":47,"type":"if","locations":[{"start":{"line":47,"column":20},"end":{"line":47,"column":20}},{"start":{"line":47,"column":20},"end":{"line":47,"column":20}}]},"5":{"line":67,"type":"if","locations":[{"start":{"line":67,"column":16},"end":{"line":67,"column":16}},{"start":{"line":67,"column":16},"end":{"line":67,"column":16}}]},"6":{"line":77,"type":"if","locations":[{"start":{"line":77,"column":16},"end":{"line":77,"column":16}},{"start":{"line":77,"column":16},"end":{"line":77,"column":16}}]},"7":{"line":88,"type":"if","locations":[{"start":{"line":88,"column":20},"end":{"line":88,"column":20}},{"start":{"line":88,"column":20},"end":{"line":88,"column":20}}]},"8":{"line":97,"type":"if","locations":[{"start":{"line":97,"column":16},"end":{"line":97,"column":16}},{"start":{"line":97,"column":16},"end":{"line":97,"column":16}}]},"9":{"line":118,"type":"if","locations":[{"start":{"line":118,"column":24},"end":{"line":118,"column":24}},{"start":{"line":118,"column":24},"end":{"line":118,"column":24}}]},"10":{"line":122,"type":"if","locations":[{"start":{"line":122,"column":24},"end":{"line":122,"column":24}},{"start":{"line":122,"column":24},"end":{"line":122,"column":24}}]},"11":{"line":139,"type":"binary-expr","locations":[{"start":{"line":139,"column":51},"end":{"line":156,"column":33}},{"start":{"line":156,"column":37},"end":{"line":156,"column":42}}]},"12":{"line":141,"type":"if","locations":[{"start":{"line":141,"column":28},"end":{"line":141,"column":28}},{"start":{"line":141,"column":28},"end":{"line":141,"column":28}}]},"13":{"line":144,"type":"if","locations":[{"start":{"line":144,"column":28},"end":{"line":144,"column":28}},{"start":{"line":144,"column":28},"end":{"line":144,"column":28}}]},"14":{"line":148,"type":"if","locations":[{"start":{"line":148,"column":33},"end":{"line":148,"column":33}},{"start":{"line":148,"column":33},"end":{"line":148,"column":33}}]},"15":{"line":152,"type":"if","locations":[{"start":{"line":152,"column":33},"end":{"line":152,"column":33}},{"start":{"line":152,"column":33},"end":{"line":152,"column":33}}]},"16":{"line":155,"type":"binary-expr","locations":[{"start":{"line":155,"column":35},"end":{"line":155,"column":39}},{"start":{"line":155,"column":43},"end":{"line":155,"column":61}}]},"17":{"line":160,"type":"if","locations":[{"start":{"line":160,"column":24},"end":{"line":160,"column":24}},{"start":{"line":160,"column":24},"end":{"line":160,"column":24}}]},"18":{"line":166,"type":"if","locations":[{"start":{"line":166,"column":24},"end":{"line":166,"column":24}},{"start":{"line":166,"column":24},"end":{"line":166,"column":24}}]},"19":{"line":167,"type":"if","locations":[{"start":{"line":167,"column":28},"end":{"line":167,"column":28}},{"start":{"line":167,"column":28},"end":{"line":167,"column":28}}]},"20":{"line":167,"type":"binary-expr","locations":[{"start":{"line":167,"column":33},"end":{"line":167,"column":72}},{"start":{"line":167,"column":77},"end":{"line":167,"column":101}}]},"21":{"line":173,"type":"if","locations":[{"start":{"line":173,"column":28},"end":{"line":173,"column":28}},{"start":{"line":173,"column":28},"end":{"line":173,"column":28}}]},"22":{"line":175,"type":"cond-expr","locations":[{"start":{"line":175,"column":62},"end":{"line":175,"column":64}},{"start":{"line":175,"column":67},"end":{"line":175,"column":70}}]},"23":{"line":177,"type":"if","locations":[{"start":{"line":177,"column":28},"end":{"line":177,"column":28}},{"start":{"line":177,"column":28},"end":{"line":177,"column":28}}]},"24":{"line":179,"type":"cond-expr","locations":[{"start":{"line":179,"column":62},"end":{"line":179,"column":64}},{"start":{"line":179,"column":67},"end":{"line":179,"column":70}}]},"25":{"line":181,"type":"if","locations":[{"start":{"line":181,"column":28},"end":{"line":181,"column":28}},{"start":{"line":181,"column":28},"end":{"line":181,"column":28}}]},"26":{"line":184,"type":"cond-expr","locations":[{"start":{"line":184,"column":75},"end":{"line":184,"column":77}},{"start":{"line":184,"column":80},"end":{"line":184,"column":83}}]},"27":{"line":187,"type":"if","locations":[{"start":{"line":187,"column":28},"end":{"line":187,"column":28}},{"start":{"line":187,"column":28},"end":{"line":187,"column":28}}]},"28":{"line":187,"type":"binary-expr","locations":[{"start":{"line":187,"column":32},"end":{"line":187,"column":48}},{"start":{"line":187,"column":52},"end":{"line":187,"column":77}}]},"29":{"line":194,"type":"binary-expr","locations":[{"start":{"line":194,"column":49},"end":{"line":194,"column":57}},{"start":{"line":195,"column":29},"end":{"line":195,"column":36}},{"start":{"line":195,"column":40},"end":{"line":195,"column":56}},{"start":{"line":195,"column":60},"end":{"line":195,"column":85}}]},"30":{"line":196,"type":"if","locations":[{"start":{"line":196,"column":24},"end":{"line":196,"column":24}},{"start":{"line":196,"column":24},"end":{"line":196,"column":24}}]},"31":{"line":201,"type":"if","locations":[{"start":{"line":201,"column":28},"end":{"line":201,"column":28}},{"start":{"line":201,"column":28},"end":{"line":201,"column":28}}]},"32":{"line":216,"type":"if","locations":[{"start":{"line":216,"column":24},"end":{"line":216,"column":24}},{"start":{"line":216,"column":24},"end":{"line":216,"column":24}}]},"33":{"line":226,"type":"if","locations":[{"start":{"line":226,"column":20},"end":{"line":226,"column":20}},{"start":{"line":226,"column":20},"end":{"line":226,"column":20}}]},"34":{"line":226,"type":"binary-expr","locations":[{"start":{"line":226,"column":24},"end":{"line":226,"column":40}},{"start":{"line":226,"column":44},"end":{"line":226,"column":54}}]},"35":{"line":228,"type":"if","locations":[{"start":{"line":228,"column":28},"end":{"line":228,"column":28}},{"start":{"line":228,"column":28},"end":{"line":228,"column":28}}]},"36":{"line":233,"type":"if","locations":[{"start":{"line":233,"column":28},"end":{"line":233,"column":28}},{"start":{"line":233,"column":28},"end":{"line":233,"column":28}}]},"37":{"line":244,"type":"binary-expr","locations":[{"start":{"line":244,"column":31},"end":{"line":244,"column":51}},{"start":{"line":244,"column":55},"end":{"line":244,"column":71}},{"start":{"line":244,"column":75},"end":{"line":244,"column":111}}]},"38":{"line":250,"type":"if","locations":[{"start":{"line":250,"column":20},"end":{"line":250,"column":20}},{"start":{"line":250,"column":20},"end":{"line":250,"column":20}}]},"39":{"line":257,"type":"binary-expr","locations":[{"start":{"line":257,"column":34},"end":{"line":257,"column":49}},{"start":{"line":257,"column":53},"end":{"line":257,"column":62}}]},"40":{"line":262,"type":"if","locations":[{"start":{"line":262,"column":28},"end":{"line":262,"column":28}},{"start":{"line":262,"column":28},"end":{"line":262,"column":28}}]},"41":{"line":262,"type":"binary-expr","locations":[{"start":{"line":262,"column":32},"end":{"line":262,"column":71}},{"start":{"line":263,"column":32},"end":{"line":263,"column":79}}]},"42":{"line":271,"type":"if","locations":[{"start":{"line":271,"column":20},"end":{"line":271,"column":20}},{"start":{"line":271,"column":20},"end":{"line":271,"column":20}}]},"43":{"line":272,"type":"if","locations":[{"start":{"line":272,"column":24},"end":{"line":272,"column":24}},{"start":{"line":272,"column":24},"end":{"line":272,"column":24}}]},"44":{"line":272,"type":"binary-expr","locations":[{"start":{"line":272,"column":28},"end":{"line":272,"column":54}},{"start":{"line":272,"column":58},"end":{"line":272,"column":85}},{"start":{"line":272,"column":89},"end":{"line":272,"column":119}}]},"45":{"line":279,"type":"binary-expr","locations":[{"start":{"line":279,"column":131},"end":{"line":279,"column":146}},{"start":{"line":279,"column":150},"end":{"line":279,"column":159}}]},"46":{"line":285,"type":"if","locations":[{"start":{"line":285,"column":20},"end":{"line":285,"column":20}},{"start":{"line":285,"column":20},"end":{"line":285,"column":20}}]},"47":{"line":287,"type":"binary-expr","locations":[{"start":{"line":287,"column":187},"end":{"line":287,"column":202}},{"start":{"line":287,"column":206},"end":{"line":287,"colum
[...]
line":276,"column":4},"end":{"line":276,"column":4}},{"start":{"line":276,"column":4},"end":{"line":276,"column":4}}]},"56":{"line":276,"type":"binary-expr","locations":[{"start":{"line":276,"column":8},"end":{"line":276,"column":28}},{"start":{"line":276,"column":32},"end":{"line":276,"column":53}}]},"57":{"line":277,"type":"if","locations":[{"start":{"line":277,"column":8},"end":{"line":277,"column":8}},{"start":{"line":277,"column":8},"end":{"line":277,"column":8}}]},"58":{"line":282,"type":"if","locations":[{"start":{"line":282,"column":4},"end":{"line":282,"column":4}},{"start":{"line":282,"column":4},"end":{"line":282,"column":4}}]},"59":{"line":288,"type":"if","locations":[{"start":{"line":288,"column":8},"end":{"line":288,"column":8}},{"start":{"line":288,"column":8},"end":{"line":288,"column":8}}]},"60":{"line":294,"type":"binary-expr","locations":[{"start":{"line":294,"column":19},"end":{"line":294,"column":105}},{"start":{"line":295,"column":20},"end":{"line":295,"column":50}},{"start":{"line":296,"column":23},"end":{"line":296,"column":53}}]},"61":{"line":301,"type":"if","locations":[{"start":{"line":301,"column":8},"end":{"line":301,"column":8}},{"start":{"line":301,"column":8},"end":{"line":301,"column":8}}]},"62":{"line":309,"type":"if","locations":[{"start":{"line":309,"column":4},"end":{"line":309,"column":4}},{"start":{"line":309,"column":4},"end":{"line":309,"column":4}}]},"63":{"line":315,"type":"if","locations":[{"start":{"line":315,"column":4},"end":{"line":315,"column":4}},{"start":{"line":315,"column":4},"end":{"line":315,"column":4}}]},"64":{"line":335,"type":"binary-expr","locations":[{"start":{"line":335,"column":28},"end":{"line":335,"column":53}},{"start":{"line":335,"column":57},"end":{"line":335,"column":59}}]},"65":{"line":336,"type":"if","locations":[{"start":{"line":336,"column":4},"end":{"line":336,"column":4}},{"start":{"line":336,"column":4},"end":{"line":336,"column":4}}]},"66":{"line":336,"type":"binary-expr","locations":[{"start":{"line":336,"column":8},"end":{"line":336,"column":75}},{"start":{"line":337,"column":8},"end":{"line":337,"column":75}}]},"67":{"line":356,"type":"if","locations":[{"start":{"line":356,"column":8},"end":{"line":356,"column":8}},{"start":{"line":356,"column":8},"end":{"line":356,"column":8}}]},"68":{"line":356,"type":"binary-expr","locations":[{"start":{"line":356,"column":12},"end":{"line":356,"column":65}},{"start":{"line":357,"column":12},"end":{"line":357,"column":78}}]}},"code":["'use strict';","var es6_promise_1 = require('es6-promise');","var fs = require('fs');","var path = require('path');","var stripBom = require('strip-bom');","var _ = require('lodash');","var utils = require('./utils');","var templateProcessor = null;","var globExpander = null;","var gruntfileGlobs = null;","var absolutePathToTSConfig;","function resolveAsync(applyTo, taskOptions, targetOptions, theTemplateProcessor, theGlobExpander) {","    if (theGlobExpander === void 0) { theGlobExpander = null; }","    templateProcessor = theTemplateProcessor;","    globExpander = theGlobExpander;","    gruntfileGlobs = getGlobs(taskOptions, targetOptions);","    return new es6_promise_1.Promise(function (resolve, reject) {","        try {","            var taskTSConfig = getTSConfigSettings(taskOptions);","            var targetTSConfig = getTSConfigSettings(targetOptions);","            var tsconfig = null;","            if (taskTSConfig) {","                tsconfig = taskTSConfig;","            }","            if (targetTSConfig) {","                if (!tsconfig) {","                    tsconfig = targetTSConfig;","                }","                if ('tsconfig' in targetTSConfig) {","                    tsconfig.tsconfig = templateProcessor(targetTSConfig.tsconfig, {});","                }","                if ('ignoreSettings' in targetTSConfig) {","                    tsconfig.ignoreSettings = targetTSConfig.ignoreSettings;","                }","                if ('overwriteFilesGlob' in targetTSConfig) {","                    tsconfig.overwriteFilesGlob = targetTSConfig.overwriteFilesGlob;","                }","                if ('updateFiles' in targetTSConfig) {","                    tsconfig.updateFiles = targetTSConfig.updateFiles;","                }","                if ('passThrough' in targetTSConfig) {","                    tsconfig.passThrough = targetTSConfig.passThrough;","                }","            }","            applyTo.tsconfig = tsconfig;","        }","        catch (ex) {","            return reject(ex);","        }","        if (!applyTo.tsconfig) {","            return resolve(applyTo);","        }","        if (applyTo.tsconfig.passThrough) {","            if (applyTo.CompilationTasks.length === 0) {","                applyTo.CompilationTasks.push({ src: [] });","            }","            if (!applyTo.tsconfig.tsconfig) {","                applyTo.tsconfig.tsconfig = '.';","            }","        }","        else {","            var projectFile = applyTo.tsconfig.tsconfig;","            try {","                var projectFileTextContent = fs.readFileSync(projectFile, 'utf8');","            }","            catch (ex) {","                if (ex && ex.code === 'ENOENT') {","                    return reject('Could not find file \"' + projectFile + '\".');","                }","                else if (ex && ex.errno) {","                    return reject('Error ' + ex.errno + ' reading \"' + projectFile + '\".');","                }","                else {","                    return reject('Error reading \"' + projectFile + '\": ' + JSON.stringify(ex));","                }","            }","            try {","                var projectSpec;","                var content = stripBom(projectFileTextContent);","                if (content.trim() === '') {","                    projectSpec = {};","                }","                else {","                    projectSpec = JSON.parse(content);","                }","            }","            catch (ex) {","                return reject('Error parsing \"' + projectFile + '\".  It may not be valid JSON in UTF-8.');","            }","            applyTo = warnOnBadConfiguration(applyTo, projectSpec);","            applyTo = applyCompilerOptions(applyTo, projectSpec);","            applyTo = resolve_output_locations(applyTo, projectSpec);","        }","        resolve(applyTo);","    });","}","exports.resolveAsync = resolveAsync;","function warnOnBadConfiguration(options, projectSpec) {","    if (projectSpec.compilerOptions) {","        if (projectSpec.compilerOptions.out && projectSpec.compilerOptions.outFile) {","            options.warnings.push('Warning: `out` and `outFile` should not be used together in tsconfig.json.');","        }","        if (projectSpec.compilerOptions.out) {","            options.warnings.push('Warning: Using `out` in tsconfig.json can be unreliable because it will output relative' +","                ' to the tsc working directory.  It is better to use `outFile` which is always relative to tsconfig.json, ' +","                ' but this requires TypeScript 1.6 or higher.');","        }","    }","    return options;","}","function getGlobs(taskOptions, targetOptions) {","    var globs = null;","    if (taskOptions && isStringOrArray(taskOptions.src)) {","        globs = _.map(getFlatCloneOf([taskOptions.src]), function (item) { return templateProcessor(item, {}); });","    }","    if (targetOptions && isStringOrArray(targetOptions.src)) {","        globs = _.map(getFlatCloneOf([targetOptions.src]), function (item) { return templateProcessor(item, {}); });","    }","    return globs;","    function isStringOrArray(thing) {","        return (_.isArray(thing) || _.isString(thing));","    }","    function getFlatCloneOf(array) {","        return _.flatten(array).slice();","    }","}","function resolve_output_locations(options, projectSpec) {","    if (options.CompilationTasks","        && options.CompilationTasks.length > 0","        && projectSpec","        && projectSpec.compilerOptions) {","        options.CompilationTasks.forEach(function (compilationTask) {","            if (projectSpec.compilerOptions.out) {","                compilationTask.out = path.normalize(projectSpec.compilerOptions.out).replace(/\\\\/g, '/');","            }","            if (projectSpec.compilerOptions.outFile) {","                compilationTask.out = path.normalize(path.join(relativePathFromGruntfileToTSConfig(), projectSpec.compilerOptions.outFile)).replace(/\\\\/g, '/');","            }","            if (projectSpec.compilerOptions.outDir) {","                compilationTask.outDir = path.normalize(path.join(relativePathFromGruntfileToTSConfig(), projectSpec.compilerOptions.outDir)).replace(/\\\\/g, '/');","            }","        });","    }","    return options;","}","function getTSConfigSettings(raw) {","    try {","        if (!raw || !raw.tsconfig) {","            return null;","        }","        if (typeof raw.tsconfig === 'boolean') {","            return {","                tsconfig: path.join(path.resolve('.'), 'tsconfig.json')","            };","        }","        else if (typeof raw.tsconfig === 'string') {","            var tsconfigName = templateProcessor(raw.tsconfig, {});","            var fileInfo = fs.lstatSync(tsconfigName);","            if (fileInfo.isDirectory()) {","                tsconfigName = path.join(tsconfigName, 'tsconfig.json');","            }","            return {","                tsconfig: tsconfigName","            };","        }","        if (!('tsconfig' in raw.tsconfig) &&","            !raw.tsconfig.passThrough) {","            raw.tsconfig.tsconfig = 'tsconfig.json';","        }","        return raw.tsconfig;","    }","    catch (ex) {","        if (ex.code === 'ENOENT') {","            throw ex;","        }","        var exception = {","            name: 'Invalid tsconfig setting',","            message: 'Exception due to invalid tsconfig setting.  Details: ' + ex,","            code: ex.code,","            errno: ex.errno","        };","        throw exception;","    }","}","function applyCompilerOptions(applyTo, projectSpec) {","    var result = applyTo || {}, co = projectSpec.compilerOptions, tsconfig = applyTo.tsconfig;","    if (!tsconfig.ignoreSettings && co) {","        // Go here for the tsconfig.json documentation:","        // https://github.com/Microsoft/TypeScript-Handbook/blob/master/pages/tsconfig.json.md","        // There is a link to http://json.schemastore.org/tsconfig","        var sameNameInTSConfigAndGruntTS = [","            'allowJs',","            'allowSyntheticDefaultImports',","            'allowUnreachableCode',","            'allowUnusedLabels',","            // we do not support charset as we assume input files are UTF-8.","            'declaration',","            'emitBOM',","            'emitDecoratorMetadata',","            'experimentalAsyncFunctions',","            'experimentalDecorators',","            'forceConsistentCasingInFileNames',","            'isolatedModules',","            'inlineSourceMap',","            'inlineSources',","            'jsx',","            // we do not support listFiles.","            'locale',","            'mapRoot',","            'module',","            'moduleResolution',","            'newLine',","            'noEmit',","            'noEmitHelpers',","            'noEmitOnError',","            'noFallthroughCasesInSwitch',","            'noImplicitAny',","            'noImplicitReturns',","            'noImplicitUseStrict',","            'noLib',","            'noResolve',","            'out',","            'outDir',","            // outFile is handled below.","            'preserveConstEnums',","            'pretty',","            'reactNamespace',","            'removeComments',","            'rootDir',","            'skipDefaultLibCheck',","            'sourceMap',","            'sourceRoot',","            'stripInternal',","            'suppressExcessPropertyIndexErrors',","            'suppressImplicitAnyIndexErrors',","            'target'","        ];","        sameNameInTSConfigAndGruntTS.forEach(function (propertyName) {","            if ((propertyName in co) && !(propertyName in result)) {","                result[propertyName] = co[propertyName];","            }","        });","        // now copy the ones that don't have the same names.","        // `outFile` was added in TypeScript 1.6 and is the same as out for command-line","        // purposes except that `outFile` is relative to the tsconfig.json.","        if (('outFile' in co) && !('out' in result)) {","            result['out'] = co['outFile'];","        }","    }","    if (!('updateFiles' in tsconfig)) {","        tsconfig.updateFiles = true;","    }","    if (applyTo.CompilationTasks.length === 0) {","        applyTo.CompilationTasks.push({ src: [] });","    }","    var src = applyTo.CompilationTasks[0].src;","    absolutePathToTSConfig = path.resolve(tsconfig.tsconfig, '..');","    if (tsconfig.overwriteFilesGlob) {","        if (!gruntfileGlobs) {","            throw new Error('The tsconfig option overwriteFilesGlob is set to true, but no glob was passed-in.');","        }","        var relPath = relativePathFromGruntfileToTSConfig(), gruntGlobsRelativeToTSConfig = [];","        for (var i = 0; i < gruntfileGlobs.length; i += 1) {","            gruntfileGlobs[i] = gruntfileGlobs[i].replace(/\\\\/g, '/');","            gruntGlobsRelativeToTSConfig.push(path.relative(relPath, gruntfileGlobs[i]).replace(/\\\\/g, '/'));","        }","        if (_.difference(projectSpec.filesGlob, gruntGlobsRelativeToTSConfig).length > 0 ||","            _.difference(gruntGlobsRelativeToTSConfig, projectSpec.filesGlob).length > 0) {","            projectSpec.filesGlob = gruntGlobsRelativeToTSConfig;","            if (projectSpec.files) {","                projectSpec.files = [];","            }","            saveTSConfigSync(tsconfig.tsconfig, projectSpec);","        }","    }","    if (tsconfig.updateFiles && projectSpec.filesGlob) {","        if (projectSpec.files === undefined) {","            projectSpec.files = [];","        }","        updateTSConfigAndFilesFromGlob(projectSpec.files, projectSpec.filesGlob, tsconfig.tsconfig);","    }","    if (projectSpec.files) {","        addUniqueRelativeFilesToSrc(projectSpec.files, src, absolutePathToTSConfig);","    }","    else {","        var validPattern_1 = /\\.tsx?$/i;","        var excludedPaths_1 = [];","        if (_.isArray(projectSpec.exclude)) {","            excludedPaths_1 = projectSpec.exclude.map(function (filepath) {","                return utils.makeRelativePath(absolutePathToTSConfig, path.resolve(absolutePathToTSConfig, filepath));","            });","        }","        var files = utils.getFiles(absolutePathToTSConfig, function (filepath) {","            return excludedPaths_1.indexOf(utils.makeRelativePath(absolutePathToTSConfig, filepath)) > -1","                || (fs.statSync(filepath).isFile()","                    && !validPattern_1.test(filepath));","        }).map(function (filepath) {","            return utils.makeRelativePath(absolutePathToTSConfig, filepath);","        });","        projectSpec.files = files;","        if (projectSpec.filesGlob) {","            saveTSConfigSync(tsconfig.tsconfig, projectSpec);","        }","        addUniqueRelativeFilesToSrc(files, src, absolutePathToTSConfig);","    }","    return result;","}","function relativePathFromGruntfileToTSConfig() {","    if (!absolutePathToTSConfig) {","        throw 'attempt to get relative path to tsconfig.json before setting absolute path';","    }","    return path.relative('.', absolutePathToTSConfig).replace(/\\\\/g, '/');","}","function updateTSConfigAndFilesFromGlob(filesRelativeToTSConfig, globRelativeToTSConfig, tsconfigFileName) {","    if (globExpander.isStub) {","        return;","    }","    var absolutePathToTSConfig = path.resolve(tsconfigFileName, '..');","    var filesGlobRelativeToGruntfile = [];","    for (var i = 0; i < globRelativeToTSConfig.length; i += 1) {","        filesGlobRelativeToGruntfile.push(path.relative(path.resolve('.'), path.join(absolutePathToTSConfig, globRelativeToTSConfig[i])));","    }","    var filesRelativeToGruntfile = globExpander(filesGlobRelativeToGruntfile);","    {","        var filesRelativeToTSConfig_temp = [];","        var relativePathFromGruntfileToTSConfig_1 = path.relative('.', absolutePathToTSConfig).replace(/\\\\/g, '/');","        for (var i = 0; i < filesRelativeToGruntfile.length; i += 1) {","            filesRelativeToGruntfile[i] = filesRelativeToGruntfile[i].replace(/\\\\/g, '/');","            filesRelativeToTSConfig_temp.push(path.relative(relativePathFromGruntfileToTSConfig_1, filesRelativeToGruntfile[i]).replace(/\\\\/g, '/'));","        }","        filesRelativeToTSConfig.length = 0;","        filesRelativeToTSConfig.push.apply(filesRelativeToTSConfig, filesRelativeToTSConfig_temp);","    }","    var tsconfigJSONContent = utils.readAndParseJSONFromFileSync(tsconfigFileName);","    var tempTSConfigFiles = tsconfigJSONContent.files || [];","    if (_.difference(tempTSConfigFiles, filesRelativeToTSConfig).length > 0 ||","        _.difference(filesRelativeToTSConfig, tempTSConfigFiles).length > 0) {","        try {","            tsconfigJSONContent.files = filesRelativeToTSConfig;","            saveTSConfigSync(tsconfigFileName, tsconfigJSONContent);","        }","        catch (ex) {","            var error = new Error('Error updating tsconfig.json: ' + ex);","            throw error;","        }","    }","}","function saveTSConfigSync(fileName, content) {","    fs.writeFileSync(fileName, JSON.stringify(content, null, '    '));","}","function addUniqueRelativeFilesToSrc(tsconfigFilesArray, compilationTaskSrc, absolutePathToTSConfig) {","    var gruntfileFolder = path.resolve('.');","    _.map(_.uniq(tsconfigFilesArray), function (file) {","        var absolutePathToFile = path.normalize(path.join(absolutePathToTSConfig, file));","        var relativePathToFileFromGruntfile = path.relative(gruntfileFolder, absolutePathToFile).replace(new RegExp('\\\\' + path.sep, 'g'), '/');","        if (compilationTaskSrc.indexOf(absolutePathToFile) === -1 &&","            compilationTaskSrc.indexOf(relativePathToFileFromGruntfile) === -1) {","            compilationTaskSrc.push(relativePathToFileFromGruntfile);","        }","    });","}","//# sourceMappingURL=tsconfig.js.map"],"l":{"2":1,"3":1,"4":1,"5":1,"6":1,"7":1,"8":1,"9":1,"10":1,"11":1,"12":1,"13":0,"14":0,"15":0,"16":0,"17":0,"18":0,"19":0,"20":0,"21":0,"22":0,"23":0,"25":0,"26":0,"27":0,"29":0,"30":0,"32":0,"33":0,"35":0,"36":0,"38":0,"39":0,"41":0,"42":0,"45":0,"48":0,"50":0,"51":0,"53":0,"54":0,"55":0,"57":0,"58":0,"62":0,"63":0,"64":0,"67":0,"68":0,"70":0,"71":0,"74":0,"77":0,"78":0,"79":0,"80":0,"81":0,"84":0,"88":0,"90":0,"91":0,"92":0,"94":0,"97":1,"98":1,"99":0,"100":0,"101":0,"103":0,"104":0,"109":0,"111":1,"112":0,"113":0,"114":0,"116":0,"117":0,"119":0,"120":1,"121":0,"123":1,"124":0,"127":1,"128":0,"132":0,"133":0,"134":0,"136":0,"137":0,"139":0,"140":0,"144":0,"146":1,"147":0,"148":0,"149":0,"151":0,"152":0,"156":0,"157":0,"158":0,"159":0,"160":0,"162":0,"166":0,"168":0,"170":0,"173":0,"174":0,"176":0,"182":0,"185":1,"186":0,"187":0,"191":0,"238":0,"239":0,"240":0,"246":0,"247":0,"250":0,"251":0,"253":0,"254":0,"256":0,"257":0,"258":0,"259":0,"260":0,"262":0,"263":0,"264":0,"265":0,"267":0,"269":0,"270":0,"271":0,"273":0,"276":0,"277":0,"278":0,"280":0,"282":0,"283":0,"286":0,"287":0,"288":0,"289":0,"290":0,"293":0,"294":0,"298":0,"300":0,"301":0,"302":0,"304":0,"306":0,"308":1,"309":0,"310":0,"312":0,"314":1,"315":0,"316":0,"318":0,"319":0,"320":0,"321":0,"323":0,"325":0,"326":0,"327":0,"328":0,"329":0,"331":0,"332":0,"334":0,"335":0,"336":0,"338":0,"339":0,"340":0,"343":0,"344":0,"348":1,"349":0,"351":1,"352":0,"353":0,"354":0,"355":0,"356":0,"358":0}}}